#-----------------------------------------------------------
# Vivado v2024.2 (64-bit)
# SW Build 5239630 on Fri Nov 08 22:35:27 MST 2024
# IP Build 5239520 on Sun Nov 10 16:12:51 MST 2024
# SharedData Build 5239561 on Fri Nov 08 14:39:27 MST 2024
# Start of session at: Wed Apr  2 16:37:48 2025
# Process ID         : 10388
# Current directory  : C:/Users/Quillo/OneDrive/banco_de_registros
# Command line       : vivado.exe -gui_launcher_event rodinguilauncherevent5352 C:\Users\Quillo\OneDrive\banco_de_registros\banco_de_registros.xpr
# Log file           : C:/Users/Quillo/OneDrive/banco_de_registros/vivado.log
# Journal file       : C:/Users/Quillo/OneDrive/banco_de_registros\vivado.jou
# Running On         : Quillo-Thinkpad
# Platform           : Windows Server 2016 or Windows 10
# Operating System   : 19045
# Processor Detail   : Intel(R) Core(TM) i7-8550U CPU @ 1.80GHz
# CPU Frequency      : 1992 MHz
# CPU Physical cores : 4
# CPU Logical cores  : 8
# Host memory        : 8438 MB
# Swap memory        : 2149 MB
# Total Virtual      : 10587 MB
# Available Virtual  : 2804 MB
#-----------------------------------------------------------
start_gui
open_project C:/Users/Quillo/OneDrive/banco_de_registros/banco_de_registros.xpr
INFO: [filemgmt 56-3] Default IP Output Path : Could not find the directory 'C:/Users/Quillo/OneDrive/banco_de_registros/banco_de_registros.gen/sources_1'.
Scanning sources...
Finished scanning sources
WARNING: [Project 1-509] GeneratedRun file for 'synth_1' not found
WARNING: [Project 1-509] GeneratedRun file for 'impl_1' not found
INFO: [IP_Flow 19-234] Refreshing IP repositories
INFO: [IP_Flow 19-1704] No user IP repositories specified
INFO: [IP_Flow 19-2313] Loaded Vivado IP repository 'C:/Xilinx/Vivado/2024.2/data/ip'.
update_compile_order -fileset sources_1
exit
INFO: [Common 17-206] Exiting Vivado at Wed Apr  2 16:46:24 2025...
