#-----------------------------------------------------------
# Vivado v2024.2 (64-bit)
# SW Build 5239630 on Fri Nov 08 22:35:27 MST 2024
# IP Build 5239520 on Sun Nov 10 16:12:51 MST 2024
# SharedData Build 5239561 on Fri Nov 08 14:39:27 MST 2024
# Start of session at: Tue Apr  8 18:13:06 2025
# Process ID         : 13328
# Current directory  : C:/Vivado/banco_de_registros
# Command line       : vivado.exe -gui_launcher_event rodinguilauncherevent14988 C:\Vivado\banco_de_registros\banco_de_registros.xpr
# Log file           : C:/Vivado/banco_de_registros/vivado.log
# Journal file       : C:/Vivado/banco_de_registros\vivado.jou
# Running On         : Quillo-Thinkpad
# Platform           : Windows Server 2016 or Windows 10
# Operating System   : 19045
# Processor Detail   : Intel(R) Core(TM) i7-8550U CPU @ 1.80GHz
# CPU Frequency      : 1992 MHz
# CPU Physical cores : 4
# CPU Logical cores  : 8
# Host memory        : 8438 MB
# Swap memory        : 2917 MB
# Total Virtual      : 11355 MB
# Available Virtual  : 2310 MB
#-----------------------------------------------------------
start_gui
open_project C:/Vivado/banco_de_registros/banco_de_registros.xpr
INFO: [filemgmt 56-3] Default IP Output Path : Could not find the directory 'C:/Vivado/banco_de_registros/banco_de_registros.gen/sources_1'.
Scanning sources...
Finished scanning sources
INFO: [IP_Flow 19-234] Refreshing IP repositories
INFO: [IP_Flow 19-1704] No user IP repositories specified
INFO: [IP_Flow 19-2313] Loaded Vivado IP repository 'C:/Xilinx/Vivado/2024.2/data/ip'.
open_project: Time (s): cpu = 00:00:16 ; elapsed = 00:00:05 . Memory (MB): peak = 1104.875 ; gain = 67.125
update_compile_order -fileset sources_1
set_property is_enabled false [get_files  C:/Vivado/banco_de_registros/banco_de_registros.srcs/sources_1/new/banco_registros_coverage.sv]
reset_run synth_1
INFO: [Project 1-1161] Replacing file C:/Vivado/banco_de_registros/banco_de_registros.srcs/utils_1/imports/synth_1/bancoderegistros.dcp with file C:/Vivado/banco_de_registros/banco_de_registros.runs/synth_1/bancoderegistros.dcp
launch_runs synth_1 -jobs 8
[Tue Apr  8 18:18:17 2025] Launched synth_1...
Run output will be captured here: C:/Vivado/banco_de_registros/banco_de_registros.runs/synth_1/runme.log
launch_runs impl_1 -jobs 8
[Tue Apr  8 18:19:11 2025] Launched impl_1...
Run output will be captured here: C:/Vivado/banco_de_registros/banco_de_registros.runs/impl_1/runme.log
open_run impl_1
INFO: [Device 21-403] Loading part xc7a200tfbg676-2
Netlist sorting complete. Time (s): cpu = 00:00:00 ; elapsed = 00:00:00.009 . Memory (MB): peak = 1361.758 ; gain = 0.000
INFO: [Netlist 29-17] Analyzing 16 Unisim elements for replacement
INFO: [Netlist 29-28] Unisim Transformation completed in 0 CPU seconds
INFO: [Project 1-479] Netlist was created with Vivado 2024.2
INFO: [Project 1-570] Preparing netlist for logic optimization
Read ShapeDB Complete: Time (s): cpu = 00:00:00 ; elapsed = 00:00:00.003 . Memory (MB): peak = 1467.922 ; gain = 0.000
INFO: [Designutils 20-5722] Start Reading Physical Databases.
Reading placement.
Read Netlist Cache: Time (s): cpu = 00:00:00 ; elapsed = 00:00:00.001 . Memory (MB): peak = 1468.832 ; gain = 0.000
Reading placer database...
Read Device Cache: Time (s): cpu = 00:00:00 ; elapsed = 00:00:00.012 . Memory (MB): peak = 1471.105 ; gain = 2.273
Read PlaceDB: Time (s): cpu = 00:00:00 ; elapsed = 00:00:00.019 . Memory (MB): peak = 1473.793 ; gain = 0.152
Read PulsedLatchDB: Time (s): cpu = 00:00:00 ; elapsed = 00:00:00 . Memory (MB): peak = 1473.793 ; gain = 0.000
Reading routing.
Read RouteStorage: Time (s): cpu = 00:00:00 ; elapsed = 00:00:00.033 . Memory (MB): peak = 1474.281 ; gain = 0.488
Read Physdb Files: Time (s): cpu = 00:00:00 ; elapsed = 00:00:00.084 . Memory (MB): peak = 1474.281 ; gain = 5.449
Restored from archive | CPU: 0.000000 secs | Memory: 0.000000 MB |
Finished XDEF File Restore: Time (s): cpu = 00:00:00 ; elapsed = 00:00:00.085 . Memory (MB): peak = 1474.281 ; gain = 5.449
Netlist sorting complete. Time (s): cpu = 00:00:00 ; elapsed = 00:00:00 . Memory (MB): peak = 1884.094 ; gain = 0.000
INFO: [Project 1-111] Unisim Transformation Summary:
  A total of 16 instances were transformed.
  IOBUF => IOBUF (IBUF, OBUFT): 16 instances

open_run: Time (s): cpu = 00:00:31 ; elapsed = 00:00:20 . Memory (MB): peak = 2260.191 ; gain = 1106.473
WARNING: [Timing 38-313] There are no user specified timing constraints. Timing constraints are needed for proper timing analysis.
set_property is_enabled true [get_files  C:/Vivado/banco_de_registros/banco_de_registros.srcs/sources_1/new/bancoderegistros_tb.sv]
WARNING: [filemgmt 56-199] Attempt to get parsing info during refresh. "On-the-fly" syntax checking information may be incorrect. [C:\Vivado\banco_de_registros\banco_de_registros.srcs\sources_1\new\triestado.v:]
WARNING: [filemgmt 56-199] Attempt to get parsing info during refresh. "On-the-fly" syntax checking information may be incorrect. [C:\Vivado\banco_de_registros\banco_de_registros.srcs\sources_1\new\bancoderegistros_tb.sv:]
WARNING: [filemgmt 56-199] Attempt to get parsing info during refresh. "On-the-fly" syntax checking information may be incorrect. [C:\Vivado\banco_de_registros\banco_de_registros.srcs\sources_1\new\bancoderegistros_tb.sv:]
set_property is_enabled true [get_files  C:/Vivado/banco_de_registros/banco_de_registros.srcs/sources_1/new/banco_registros_scoreboard.sv]
WARNING: [filemgmt 56-199] Attempt to get parsing info during refresh. "On-the-fly" syntax checking information may be incorrect. [C:\Vivado\banco_de_registros\banco_de_registros.srcs\sources_1\new\triestado.v:]
WARNING: [filemgmt 56-199] Attempt to get parsing info during refresh. "On-the-fly" syntax checking information may be incorrect. [C:\Vivado\banco_de_registros\banco_de_registros.srcs\sources_1\new\bancoderegistros_tb.sv:]
WARNING: [filemgmt 56-199] Attempt to get parsing info during refresh. "On-the-fly" syntax checking information may be incorrect. [C:\Vivado\banco_de_registros\banco_de_registros.srcs\sources_1\new\bancoderegistros_tb.sv:]
WARNING: [filemgmt 56-199] Attempt to get parsing info during refresh. "On-the-fly" syntax checking information may be incorrect. [C:\Vivado\banco_de_registros\banco_de_registros.srcs\sources_1\new\triestado.v:]
WARNING: [filemgmt 56-199] Attempt to get parsing info during refresh. "On-the-fly" syntax checking information may be incorrect. [C:\Vivado\banco_de_registros\banco_de_registros.srcs\sources_1\new\banco_registros_scoreboard.sv:]
WARNING: [filemgmt 56-199] Attempt to get parsing info during refresh. "On-the-fly" syntax checking information may be incorrect. [C:\Vivado\banco_de_registros\banco_de_registros.srcs\sources_1\new\banco_registros_scoreboard.sv:]
set_property is_enabled true [get_files  C:/Vivado/banco_de_registros/banco_de_registros.srcs/sources_1/new/banco_registros_coverage.sv]
WARNING: [filemgmt 56-199] Attempt to get parsing info during refresh. "On-the-fly" syntax checking information may be incorrect. [C:\Vivado\banco_de_registros\banco_de_registros.srcs\sources_1\new\triestado.v:]
WARNING: [filemgmt 56-199] Attempt to get parsing info during refresh. "On-the-fly" syntax checking information may be incorrect. [C:\Vivado\banco_de_registros\banco_de_registros.srcs\sources_1\new\banco_registros_scoreboard.sv:]
WARNING: [filemgmt 56-199] Attempt to get parsing info during refresh. "On-the-fly" syntax checking information may be incorrect. [C:\Vivado\banco_de_registros\banco_de_registros.srcs\sources_1\new\banco_registros_scoreboard.sv:]
WARNING: [filemgmt 56-199] Attempt to get parsing info during refresh. "On-the-fly" syntax checking information may be incorrect. [C:\Vivado\banco_de_registros\banco_de_registros.srcs\sources_1\new\triestado.v:]
WARNING: [filemgmt 56-199] Attempt to get parsing info during refresh. "On-the-fly" syntax checking information may be incorrect. [C:\Vivado\banco_de_registros\banco_de_registros.srcs\sources_1\new\bancoderegistros_tb.sv:]
WARNING: [filemgmt 56-199] Attempt to get parsing info during refresh. "On-the-fly" syntax checking information may be incorrect. [C:\Vivado\banco_de_registros\banco_de_registros.srcs\sources_1\new\bancoderegistros_tb.sv:]
WARNING: [filemgmt 56-199] Attempt to get parsing info during refresh. "On-the-fly" syntax checking information may be incorrect. [C:\Vivado\banco_de_registros\banco_de_registros.srcs\sources_1\new\triestado.v:]
WARNING: [filemgmt 56-199] Attempt to get parsing info during refresh. "On-the-fly" syntax checking information may be incorrect. [C:\Vivado\banco_de_registros\banco_de_registros.srcs\sources_1\new\banco_registros_coverage.sv:]
WARNING: [filemgmt 56-199] Attempt to get parsing info during refresh. "On-the-fly" syntax checking information may be incorrect. [C:\Vivado\banco_de_registros\banco_de_registros.srcs\sources_1\new\banco_registros_coverage.sv:]
update_compile_order -fileset sources_1
WARNING: [filemgmt 56-199] Attempt to get parsing info during refresh. "On-the-fly" syntax checking information may be incorrect. [C:\Vivado\banco_de_registros\banco_de_registros.srcs\sources_1\new\triestado.v:]
WARNING: [filemgmt 56-199] Attempt to get parsing info during refresh. "On-the-fly" syntax checking information may be incorrect. [C:\Vivado\banco_de_registros\banco_de_registros.srcs\sources_1\new\banco_registros_scoreboard.sv:]
WARNING: [filemgmt 56-199] Attempt to get parsing info during refresh. "On-the-fly" syntax checking information may be incorrect. [C:\Vivado\banco_de_registros\banco_de_registros.srcs\sources_1\new\banco_registros_scoreboard.sv:]
WARNING: [filemgmt 56-199] Attempt to get parsing info during refresh. "On-the-fly" syntax checking information may be incorrect. [C:\Vivado\banco_de_registros\banco_de_registros.srcs\sources_1\new\triestado.v:]
WARNING: [filemgmt 56-199] Attempt to get parsing info during refresh. "On-the-fly" syntax checking information may be incorrect. [C:\Vivado\banco_de_registros\banco_de_registros.srcs\sources_1\new\banco_registros_coverage.sv:]
WARNING: [filemgmt 56-199] Attempt to get parsing info during refresh. "On-the-fly" syntax checking information may be incorrect. [C:\Vivado\banco_de_registros\banco_de_registros.srcs\sources_1\new\banco_registros_coverage.sv:]
WARNING: [filemgmt 56-199] Attempt to get parsing info during refresh. "On-the-fly" syntax checking information may be incorrect. [C:\Vivado\banco_de_registros\banco_de_registros.srcs\sources_1\new\triestado.v:]
WARNING: [filemgmt 56-199] Attempt to get parsing info during refresh. "On-the-fly" syntax checking information may be incorrect. [C:\Vivado\banco_de_registros\banco_de_registros.srcs\sources_1\new\bancoderegistros_tb.sv:]
WARNING: [filemgmt 56-199] Attempt to get parsing info during refresh. "On-the-fly" syntax checking information may be incorrect. [C:\Vivado\banco_de_registros\banco_de_registros.srcs\sources_1\new\bancoderegistros_tb.sv:]
WARNING: [filemgmt 56-199] Attempt to get parsing info during refresh. "On-the-fly" syntax checking information may be incorrect. [C:\Vivado\banco_de_registros\banco_de_registros.srcs\sources_1\new\triestado.v:]
WARNING: [filemgmt 56-199] Attempt to get parsing info during refresh. "On-the-fly" syntax checking information may be incorrect. [C:\Vivado\banco_de_registros\banco_de_registros.srcs\sources_1\new\banco_registros_scoreboard.sv:]
WARNING: [filemgmt 56-199] Attempt to get parsing info during refresh. "On-the-fly" syntax checking information may be incorrect. [C:\Vivado\banco_de_registros\banco_de_registros.srcs\sources_1\new\banco_registros_scoreboard.sv:]
WARNING: [filemgmt 56-199] Attempt to get parsing info during refresh. "On-the-fly" syntax checking information may be incorrect. [C:\Vivado\banco_de_registros\banco_de_registros.srcs\sources_1\new\triestado.v:]
WARNING: [filemgmt 56-199] Attempt to get parsing info during refresh. "On-the-fly" syntax checking information may be incorrect. [C:\Vivado\banco_de_registros\banco_de_registros.srcs\sources_1\new\banco_registros_coverage.sv:]
WARNING: [filemgmt 56-199] Attempt to get parsing info during refresh. "On-the-fly" syntax checking information may be incorrect. [C:\Vivado\banco_de_registros\banco_de_registros.srcs\sources_1\new\banco_registros_coverage.sv:]
WARNING: [filemgmt 56-199] Attempt to get parsing info during refresh. "On-the-fly" syntax checking information may be incorrect. [C:\Vivado\banco_de_registros\banco_de_registros.srcs\sources_1\new\triestado.v:]
WARNING: [filemgmt 56-199] Attempt to get parsing info during refresh. "On-the-fly" syntax checking information may be incorrect. [C:\Vivado\banco_de_registros\banco_de_registros.srcs\sources_1\new\bancoderegistros_tb.sv:]
WARNING: [filemgmt 56-199] Attempt to get parsing info during refresh. "On-the-fly" syntax checking information may be incorrect. [C:\Vivado\banco_de_registros\banco_de_registros.srcs\sources_1\new\bancoderegistros_tb.sv:]
update_compile_order -fileset sources_1
WARNING: [filemgmt 56-199] Attempt to get parsing info during refresh. "On-the-fly" syntax checking information may be incorrect. [C:\Vivado\banco_de_registros\banco_de_registros.srcs\sources_1\new\triestado.v:]
WARNING: [filemgmt 56-199] Attempt to get parsing info during refresh. "On-the-fly" syntax checking information may be incorrect. [C:\Vivado\banco_de_registros\banco_de_registros.srcs\sources_1\new\banco_registros_scoreboard.sv:]
WARNING: [filemgmt 56-199] Attempt to get parsing info during refresh. "On-the-fly" syntax checking information may be incorrect. [C:\Vivado\banco_de_registros\banco_de_registros.srcs\sources_1\new\banco_registros_scoreboard.sv:]
WARNING: [filemgmt 56-199] Attempt to get parsing info during refresh. "On-the-fly" syntax checking information may be incorrect. [C:\Vivado\banco_de_registros\banco_de_registros.srcs\sources_1\new\triestado.v:]
WARNING: [filemgmt 56-199] Attempt to get parsing info during refresh. "On-the-fly" syntax checking information may be incorrect. [C:\Vivado\banco_de_registros\banco_de_registros.srcs\sources_1\new\banco_registros_coverage.sv:]
WARNING: [filemgmt 56-199] Attempt to get parsing info during refresh. "On-the-fly" syntax checking information may be incorrect. [C:\Vivado\banco_de_registros\banco_de_registros.srcs\sources_1\new\banco_registros_coverage.sv:]
WARNING: [filemgmt 56-199] Attempt to get parsing info during refresh. "On-the-fly" syntax checking information may be incorrect. [C:\Vivado\banco_de_registros\banco_de_registros.srcs\sources_1\new\triestado.v:]
WARNING: [filemgmt 56-199] Attempt to get parsing info during refresh. "On-the-fly" syntax checking information may be incorrect. [C:\Vivado\banco_de_registros\banco_de_registros.srcs\sources_1\new\bancoderegistros_tb.sv:]
WARNING: [filemgmt 56-199] Attempt to get parsing info during refresh. "On-the-fly" syntax checking information may be incorrect. [C:\Vivado\banco_de_registros\banco_de_registros.srcs\sources_1\new\bancoderegistros_tb.sv:]
launch_simulation
Command: launch_simulation 
INFO: [Vivado 12-12493] Simulation top is 'bancoderegistros_tb'
WARNING: [Vivado 12-13340] Unable to auto find GCC executables from simulator install path! (path not set)
INFO: [Vivado 12-5682] Launching behavioral simulation in 'C:/Vivado/banco_de_registros/banco_de_registros.sim/sim_1/behav/xsim'
INFO: [SIM-utils-51] Simulation object is 'sim_1'
INFO: [SIM-utils-72] Using boost library from 'C:/Xilinx/Vivado/2024.2/tps/boost_1_72_0'
INFO: [SIM-utils-54] Inspecting design source files for 'bancoderegistros_tb' in fileset 'sim_1'...
INFO: [USF-XSim-97] Finding global include files...
INFO: [USF-XSim-98] Fetching design files from 'sim_1'...
INFO: [USF-XSim-2] XSim::Compile design
INFO: [USF-XSim-61] Executing 'COMPILE and ANALYZE' step in 'C:/Vivado/banco_de_registros/banco_de_registros.sim/sim_1/behav/xsim'
"xvlog --incr --relax -L uvm -prj bancoderegistros_tb_vlog.prj"
INFO: [Common 17-41] Interrupt caught. Command should exit soon.
run_program: Time (s): cpu = 00:00:22 ; elapsed = 00:04:18 . Memory (MB): peak = 2399.238 ; gain = 0.000
INFO: [Common 17-344] 'run_program' was cancelled
INFO: [Vivado 12-5357] 'compile' step aborted
launch_simulation: Time (s): cpu = 00:00:23 ; elapsed = 00:04:19 . Memory (MB): peak = 2399.238 ; gain = 0.000
INFO: [Common 17-344] 'launch_simulation' was cancelled
set_property is_enabled false [get_files  C:/Vivado/banco_de_registros/banco_de_registros.srcs/sources_1/new/bancoderegistros_tb.sv]
WARNING: [filemgmt 56-199] Attempt to get parsing info during refresh. "On-the-fly" syntax checking information may be incorrect. [C:\Vivado\banco_de_registros\banco_de_registros.srcs\sources_1\new\triestado.v:]
WARNING: [filemgmt 56-199] Attempt to get parsing info during refresh. "On-the-fly" syntax checking information may be incorrect. [C:\Vivado\banco_de_registros\banco_de_registros.srcs\sources_1\new\banco_registros_scoreboard.sv:]
WARNING: [filemgmt 56-199] Attempt to get parsing info during refresh. "On-the-fly" syntax checking information may be incorrect. [C:\Vivado\banco_de_registros\banco_de_registros.srcs\sources_1\new\banco_registros_scoreboard.sv:]
WARNING: [filemgmt 56-199] Attempt to get parsing info during refresh. "On-the-fly" syntax checking information may be incorrect. [C:\Vivado\banco_de_registros\banco_de_registros.srcs\sources_1\new\triestado.v:]
WARNING: [filemgmt 56-199] Attempt to get parsing info during refresh. "On-the-fly" syntax checking information may be incorrect. [C:\Vivado\banco_de_registros\banco_de_registros.srcs\sources_1\new\banco_registros_coverage.sv:]
WARNING: [filemgmt 56-199] Attempt to get parsing info during refresh. "On-the-fly" syntax checking information may be incorrect. [C:\Vivado\banco_de_registros\banco_de_registros.srcs\sources_1\new\banco_registros_coverage.sv:]
set_property is_enabled false [get_files  C:/Vivado/banco_de_registros/banco_de_registros.srcs/sources_1/new/banco_registros_coverage.sv]
WARNING: [filemgmt 56-199] Attempt to get parsing info during refresh. "On-the-fly" syntax checking information may be incorrect. [C:\Vivado\banco_de_registros\banco_de_registros.srcs\sources_1\new\triestado.v:]
WARNING: [filemgmt 56-199] Attempt to get parsing info during refresh. "On-the-fly" syntax checking information may be incorrect. [C:\Vivado\banco_de_registros\banco_de_registros.srcs\sources_1\new\banco_registros_scoreboard.sv:]
WARNING: [filemgmt 56-199] Attempt to get parsing info during refresh. "On-the-fly" syntax checking information may be incorrect. [C:\Vivado\banco_de_registros\banco_de_registros.srcs\sources_1\new\banco_registros_scoreboard.sv:]
set_property is_enabled false [get_files  C:/Vivado/banco_de_registros/banco_de_registros.srcs/sources_1/new/banco_registros_scoreboard.sv]
update_compile_order -fileset sources_1
file mkdir C:/Vivado/banco_de_registros/banco_de_registros.srcs/sim_1/new
set_property SOURCE_SET sources_1 [get_filesets sim_1]
close [ open C:/Vivado/banco_de_registros/banco_de_registros.srcs/sim_1/new/registro8bits_tb.sv w ]
add_files -fileset sim_1 C:/Vivado/banco_de_registros/banco_de_registros.srcs/sim_1/new/registro8bits_tb.sv
update_compile_order -fileset sim_1
WARNING: [filemgmt 56-199] Attempt to get parsing info during refresh. "On-the-fly" syntax checking information may be incorrect. [C:\Vivado\banco_de_registros\banco_de_registros.srcs\sources_1\new\triestado.v:]
WARNING: [filemgmt 56-199] Attempt to get parsing info during refresh. "On-the-fly" syntax checking information may be incorrect. [C:\Vivado\banco_de_registros\banco_de_registros.srcs\sim_1\new\registro8bits_tb.sv:]
WARNING: [filemgmt 56-199] Attempt to get parsing info during refresh. "On-the-fly" syntax checking information may be incorrect. [C:\Vivado\banco_de_registros\banco_de_registros.srcs\sim_1\new\registro8bits_tb.sv:]
WARNING: [filemgmt 56-199] Attempt to get parsing info during refresh. "On-the-fly" syntax checking information may be incorrect. [C:\Vivado\banco_de_registros\banco_de_registros.srcs\sim_1\new\registro8bits_tb.sv:]
ERROR: [Common 17-180] Spawn failed: No error
set_property top tb_registro8 [get_filesets sim_1]
set_property top_lib xil_defaultlib [get_filesets sim_1]
WARNING: [filemgmt 56-199] Attempt to get parsing info during refresh. "On-the-fly" syntax checking information may be incorrect. [C:\Vivado\banco_de_registros\banco_de_registros.srcs\sources_1\new\triestado.v:]
WARNING: [filemgmt 56-199] Attempt to get parsing info during refresh. "On-the-fly" syntax checking information may be incorrect. [C:\Vivado\banco_de_registros\banco_de_registros.srcs\sim_1\new\registro8bits_tb.sv:]
WARNING: [filemgmt 56-199] Attempt to get parsing info during refresh. "On-the-fly" syntax checking information may be incorrect. [C:\Vivado\banco_de_registros\banco_de_registros.srcs\sim_1\new\registro8bits_tb.sv:]
WARNING: [filemgmt 56-199] Attempt to get parsing info during refresh. "On-the-fly" syntax checking information may be incorrect. [C:\Vivado\banco_de_registros\banco_de_registros.srcs\sim_1\new\registro8bits_tb.sv:]
ERROR: [Common 17-180] Spawn failed: No error
update_compile_order -fileset sim_1
WARNING: [filemgmt 56-199] Attempt to get parsing info during refresh. "On-the-fly" syntax checking information may be incorrect. [C:\Vivado\banco_de_registros\banco_de_registros.srcs\sources_1\new\triestado.v:]
WARNING: [filemgmt 56-199] Attempt to get parsing info during refresh. "On-the-fly" syntax checking information may be incorrect. [C:\Vivado\banco_de_registros\banco_de_registros.srcs\sim_1\new\registro8bits_tb.sv:]
WARNING: [filemgmt 56-199] Attempt to get parsing info during refresh. "On-the-fly" syntax checking information may be incorrect. [C:\Vivado\banco_de_registros\banco_de_registros.srcs\sim_1\new\registro8bits_tb.sv:]
WARNING: [filemgmt 56-199] Attempt to get parsing info during refresh. "On-the-fly" syntax checking information may be incorrect. [C:\Vivado\banco_de_registros\banco_de_registros.srcs\sim_1\new\registro8bits_tb.sv:]
ERROR: [Common 17-180] Spawn failed: No error
launch_simulation
Command: launch_simulation 
INFO: [Vivado 12-12493] Simulation top is 'tb_registro8'
WARNING: [Vivado 12-13340] Unable to auto find GCC executables from simulator install path! (path not set)
INFO: [Vivado 12-5682] Launching behavioral simulation in 'C:/Vivado/banco_de_registros/banco_de_registros.sim/sim_1/behav/xsim'
INFO: [SIM-utils-51] Simulation object is 'sim_1'
INFO: [SIM-utils-72] Using boost library from 'C:/Xilinx/Vivado/2024.2/tps/boost_1_72_0'
INFO: [SIM-utils-54] Inspecting design source files for 'tb_registro8' in fileset 'sim_1'...
INFO: [USF-XSim-97] Finding global include files...
INFO: [USF-XSim-98] Fetching design files from 'sim_1'...
INFO: [USF-XSim-2] XSim::Compile design
INFO: [USF-XSim-61] Executing 'COMPILE and ANALYZE' step in 'C:/Vivado/banco_de_registros/banco_de_registros.sim/sim_1/behav/xsim'
"xvlog --incr --relax -L uvm -prj tb_registro8_vlog.prj"
INFO: [Common 17-41] Interrupt caught. Command should exit soon.
run_program: Time (s): cpu = 00:00:02 ; elapsed = 00:01:00 . Memory (MB): peak = 2399.238 ; gain = 0.000
INFO: [Common 17-344] 'run_program' was cancelled
INFO: [Vivado 12-5357] 'compile' step aborted
launch_simulation: Time (s): cpu = 00:00:03 ; elapsed = 00:01:00 . Memory (MB): peak = 2399.238 ; gain = 0.000
INFO: [Common 17-344] 'launch_simulation' was cancelled
set_property is_enabled false [get_files  C:/Vivado/banco_de_registros/banco_de_registros.srcs/sources_1/new/bancoderegistros.v]
WARNING: [filemgmt 56-199] Attempt to get parsing info during refresh. "On-the-fly" syntax checking information may be incorrect. [C:\Vivado\banco_de_registros\banco_de_registros.srcs\sources_1\new\triestado.v:]
WARNING: [filemgmt 56-199] Attempt to get parsing info during refresh. "On-the-fly" syntax checking information may be incorrect. [C:\Vivado\banco_de_registros\banco_de_registros.srcs\sim_1\new\registro8bits_tb.sv:]
WARNING: [filemgmt 56-199] Attempt to get parsing info during refresh. "On-the-fly" syntax checking information may be incorrect. [C:\Vivado\banco_de_registros\banco_de_registros.srcs\sim_1\new\registro8bits_tb.sv:]
WARNING: [filemgmt 56-199] Attempt to get parsing info during refresh. "On-the-fly" syntax checking information may be incorrect. [C:\Vivado\banco_de_registros\banco_de_registros.srcs\sim_1\new\registro8bits_tb.sv:]
ERROR: [Common 17-180] Spawn failed: No error
WARNING: [filemgmt 56-199] Attempt to get parsing info during refresh. "On-the-fly" syntax checking information may be incorrect. [C:\Vivado\banco_de_registros\banco_de_registros.srcs\sources_1\new\triestado.v:]
WARNING: [filemgmt 56-199] Attempt to get parsing info during refresh. "On-the-fly" syntax checking information may be incorrect. [C:\Vivado\banco_de_registros\banco_de_registros.srcs\sim_1\new\registro8bits_tb.sv:]
WARNING: [filemgmt 56-199] Attempt to get parsing info during refresh. "On-the-fly" syntax checking information may be incorrect. [C:\Vivado\banco_de_registros\banco_de_registros.srcs\sim_1\new\registro8bits_tb.sv:]
WARNING: [filemgmt 56-199] Attempt to get parsing info during refresh. "On-the-fly" syntax checking information may be incorrect. [C:\Vivado\banco_de_registros\banco_de_registros.srcs\sim_1\new\registro8bits_tb.sv:]
ERROR: [Common 17-180] Spawn failed: No error
set_property is_enabled false [get_files  C:/Vivado/banco_de_registros/banco_de_registros.srcs/sources_1/new/decodificadorwr.v]
WARNING: [filemgmt 56-199] Attempt to get parsing info during refresh. "On-the-fly" syntax checking information may be incorrect. [C:\Vivado\banco_de_registros\banco_de_registros.srcs\sources_1\new\triestado.v:]
WARNING: [filemgmt 56-199] Attempt to get parsing info during refresh. "On-the-fly" syntax checking information may be incorrect. [C:\Vivado\banco_de_registros\banco_de_registros.srcs\sim_1\new\registro8bits_tb.sv:]
WARNING: [filemgmt 56-199] Attempt to get parsing info during refresh. "On-the-fly" syntax checking information may be incorrect. [C:\Vivado\banco_de_registros\banco_de_registros.srcs\sim_1\new\registro8bits_tb.sv:]
WARNING: [filemgmt 56-199] Attempt to get parsing info during refresh. "On-the-fly" syntax checking information may be incorrect. [C:\Vivado\banco_de_registros\banco_de_registros.srcs\sim_1\new\registro8bits_tb.sv:]
ERROR: [Common 17-180] Spawn failed: No error
set_property is_enabled false [get_files  C:/Vivado/banco_de_registros/banco_de_registros.srcs/sources_1/new/multiplexor16x16.v]
WARNING: [filemgmt 56-199] Attempt to get parsing info during refresh. "On-the-fly" syntax checking information may be incorrect. [C:\Vivado\banco_de_registros\banco_de_registros.srcs\sources_1\new\triestado.v:]
WARNING: [filemgmt 56-199] Attempt to get parsing info during refresh. "On-the-fly" syntax checking information may be incorrect. [C:\Vivado\banco_de_registros\banco_de_registros.srcs\sim_1\new\registro8bits_tb.sv:]
WARNING: [filemgmt 56-199] Attempt to get parsing info during refresh. "On-the-fly" syntax checking information may be incorrect. [C:\Vivado\banco_de_registros\banco_de_registros.srcs\sim_1\new\registro8bits_tb.sv:]
WARNING: [filemgmt 56-199] Attempt to get parsing info during refresh. "On-the-fly" syntax checking information may be incorrect. [C:\Vivado\banco_de_registros\banco_de_registros.srcs\sim_1\new\registro8bits_tb.sv:]
set_property is_enabled false [get_files  C:/Vivado/banco_de_registros/banco_de_registros.srcs/sources_1/new/triestado.v]
ERROR: [Common 17-180] Spawn failed: No error
set_property is_enabled false [get_files  C:/Vivado/banco_de_registros/banco_de_registros.srcs/sources_1/new/registros.v]
set_property is_enabled false [get_files  C:/Vivado/banco_de_registros/banco_de_registros.srcs/sources_1/new/registro16bits.v]
launch_simulation
Command: launch_simulation 
INFO: [Vivado 12-12493] Simulation top is 'registro8bits_tb'
WARNING: [Vivado 12-13340] Unable to auto find GCC executables from simulator install path! (path not set)
INFO: [Vivado 12-5682] Launching behavioral simulation in 'C:/Vivado/banco_de_registros/banco_de_registros.sim/sim_1/behav/xsim'
INFO: [SIM-utils-51] Simulation object is 'sim_1'
INFO: [SIM-utils-72] Using boost library from 'C:/Xilinx/Vivado/2024.2/tps/boost_1_72_0'
INFO: [SIM-utils-54] Inspecting design source files for 'registro8bits_tb' in fileset 'sim_1'...
INFO: [USF-XSim-97] Finding global include files...
INFO: [USF-XSim-98] Fetching design files from 'sim_1'...
INFO: [USF-XSim-2] XSim::Compile design
INFO: [USF-XSim-61] Executing 'COMPILE and ANALYZE' step in 'C:/Vivado/banco_de_registros/banco_de_registros.sim/sim_1/behav/xsim'
"xvlog --incr --relax -L uvm -prj registro8bits_tb_vlog.prj"
INFO: [Common 17-41] Interrupt caught. Command should exit soon.
run_program: Time (s): cpu = 00:00:02 ; elapsed = 00:00:40 . Memory (MB): peak = 2399.238 ; gain = 0.000
INFO: [Common 17-344] 'run_program' was cancelled
INFO: [Vivado 12-5357] 'compile' step aborted
launch_simulation: Time (s): cpu = 00:00:02 ; elapsed = 00:00:40 . Memory (MB): peak = 2399.238 ; gain = 0.000
INFO: [Common 17-344] 'launch_simulation' was cancelled
close_design
exit
INFO: [Common 17-206] Exiting Vivado at Tue Apr  8 18:43:07 2025...
