#-----------------------------------------------------------
# Vivado v2024.2 (64-bit)
# SW Build 5239630 on Fri Nov 08 22:35:27 MST 2024
# IP Build 5239520 on Sun Nov 10 16:12:51 MST 2024
# SharedData Build 5239561 on Fri Nov 08 14:39:27 MST 2024
# Start of session at: Wed Apr  2 14:29:04 2025
# Process ID         : 16268
# Current directory  : C:/Users/Quillo/OneDrive/banco_de_registros
# Command line       : vivado.exe -gui_launcher_event rodinguilauncherevent3232 C:\Users\Quillo\OneDrive\banco_de_registros\banco_de_registros.xpr
# Log file           : C:/Users/Quillo/OneDrive/banco_de_registros/vivado.log
# Journal file       : C:/Users/Quillo/OneDrive/banco_de_registros\vivado.jou
# Running On         : Quillo-Thinkpad
# Platform           : Windows Server 2016 or Windows 10
# Operating System   : 19045
# Processor Detail   : Intel(R) Core(TM) i7-8550U CPU @ 1.80GHz
# CPU Frequency      : 1992 MHz
# CPU Physical cores : 4
# CPU Logical cores  : 8
# Host memory        : 8438 MB
# Swap memory        : 2201 MB
# Total Virtual      : 10640 MB
# Available Virtual  : 2645 MB
#-----------------------------------------------------------
start_gui
open_project C:/Users/Quillo/OneDrive/banco_de_registros/banco_de_registros.xpr
INFO: [filemgmt 56-3] Default IP Output Path : Could not find the directory 'C:/Users/Quillo/OneDrive/banco_de_registros/banco_de_registros.gen/sources_1'.
Scanning sources...
Finished scanning sources
INFO: [IP_Flow 19-234] Refreshing IP repositories
INFO: [IP_Flow 19-1704] No user IP repositories specified
INFO: [IP_Flow 19-2313] Loaded Vivado IP repository 'C:/Xilinx/Vivado/2024.2/data/ip'.
open_project: Time (s): cpu = 00:00:15 ; elapsed = 00:00:05 . Memory (MB): peak = 1097.051 ; gain = 50.383
update_compile_order -fileset sources_1
synth_design -top bancoderegistros -part xc7a200tfbg676-2 -lint 
Command: synth_design -top bancoderegistros -part xc7a200tfbg676-2 -lint
Starting synth_design
Attempting to get a license for feature 'Synthesis' and/or device 'xc7a200t'
INFO: [Common 17-349] Got license for feature 'Synthesis' and/or device 'xc7a200t'
INFO: [Synth 8-7079] Multithreading enabled for synth_design using a maximum of 2 processes.
INFO: [Synth 8-7078] Launching helper process for spawning children vivado processes
INFO: [Synth 8-7075] Helper process launched with PID 12220
---------------------------------------------------------------------------------
Starting Synthesize : Time (s): cpu = 00:00:12 ; elapsed = 00:00:10 . Memory (MB): peak = 1558.562 ; gain = 428.762
---------------------------------------------------------------------------------
Clean up Linter database...
INFO: [Synth 8-6157] synthesizing module 'bancoderegistros' [C:/Users/Quillo/OneDrive/banco_de_registros/banco_de_registros.srcs/sources_1/new/bancoderegistros.v:25]
INFO: [Synth 8-6157] synthesizing module 'decodificadorwr' [C:/Users/Quillo/OneDrive/banco_de_registros/banco_de_registros.srcs/sources_1/new/decodificadorwr.v:23]
INFO: [Synth 8-6155] done synthesizing module 'decodificadorwr' (1#1) [C:/Users/Quillo/OneDrive/banco_de_registros/banco_de_registros.srcs/sources_1/new/decodificadorwr.v:23]
INFO: [Synth 8-6157] synthesizing module 'registros' [C:/Users/Quillo/OneDrive/banco_de_registros/banco_de_registros.srcs/sources_1/new/registros.v:25]
INFO: [Synth 8-6157] synthesizing module 'registro8bits' [C:/Users/Quillo/OneDrive/banco_de_registros/banco_de_registros.srcs/sources_1/new/registro8bits.v:23]
INFO: [Synth 8-6155] done synthesizing module 'registro8bits' (2#1) [C:/Users/Quillo/OneDrive/banco_de_registros/banco_de_registros.srcs/sources_1/new/registro8bits.v:23]
WARNING: [Synth 8-689] width (16) of port connection 'D' does not match port width (8) of module 'registro8bits' [C:/Users/Quillo/OneDrive/banco_de_registros/banco_de_registros.srcs/sources_1/new/registros.v:37]
WARNING: [Synth 8-689] width (16) of port connection 'D' does not match port width (8) of module 'registro8bits' [C:/Users/Quillo/OneDrive/banco_de_registros/banco_de_registros.srcs/sources_1/new/registros.v:38]
WARNING: [Synth 8-689] width (16) of port connection 'D' does not match port width (8) of module 'registro8bits' [C:/Users/Quillo/OneDrive/banco_de_registros/banco_de_registros.srcs/sources_1/new/registros.v:39]
WARNING: [Synth 8-689] width (16) of port connection 'D' does not match port width (8) of module 'registro8bits' [C:/Users/Quillo/OneDrive/banco_de_registros/banco_de_registros.srcs/sources_1/new/registros.v:40]
WARNING: [Synth 8-689] width (16) of port connection 'D' does not match port width (8) of module 'registro8bits' [C:/Users/Quillo/OneDrive/banco_de_registros/banco_de_registros.srcs/sources_1/new/registros.v:41]
WARNING: [Synth 8-689] width (16) of port connection 'D' does not match port width (8) of module 'registro8bits' [C:/Users/Quillo/OneDrive/banco_de_registros/banco_de_registros.srcs/sources_1/new/registros.v:42]
WARNING: [Synth 8-689] width (16) of port connection 'D' does not match port width (8) of module 'registro8bits' [C:/Users/Quillo/OneDrive/banco_de_registros/banco_de_registros.srcs/sources_1/new/registros.v:43]
WARNING: [Synth 8-689] width (16) of port connection 'D' does not match port width (8) of module 'registro8bits' [C:/Users/Quillo/OneDrive/banco_de_registros/banco_de_registros.srcs/sources_1/new/registros.v:44]
INFO: [Synth 8-6157] synthesizing module 'registro16bits' [C:/Users/Quillo/OneDrive/banco_de_registros/banco_de_registros.srcs/sources_1/new/registro16bits.v:23]
INFO: [Synth 8-6155] done synthesizing module 'registro16bits' (3#1) [C:/Users/Quillo/OneDrive/banco_de_registros/banco_de_registros.srcs/sources_1/new/registro16bits.v:23]
INFO: [Synth 8-6155] done synthesizing module 'registros' (4#1) [C:/Users/Quillo/OneDrive/banco_de_registros/banco_de_registros.srcs/sources_1/new/registros.v:25]
WARNING: [Synth 8-689] width (1) of port connection 'DATA' does not match port width (16) of module 'registros' [C:/Users/Quillo/OneDrive/banco_de_registros/banco_de_registros.srcs/sources_1/new/bancoderegistros.v:37]
WARNING: [Synth 8-689] width (16) of port connection 'WE' does not match port width (12) of module 'registros' [C:/Users/Quillo/OneDrive/banco_de_registros/banco_de_registros.srcs/sources_1/new/bancoderegistros.v:37]
WARNING: [Synth 8-689] width (12) of port connection 'AL' does not match port width (8) of module 'registros' [C:/Users/Quillo/OneDrive/banco_de_registros/banco_de_registros.srcs/sources_1/new/bancoderegistros.v:37]
WARNING: [Synth 8-689] width (8) of port connection 'SP' does not match port width (16) of module 'registros' [C:/Users/Quillo/OneDrive/banco_de_registros/banco_de_registros.srcs/sources_1/new/bancoderegistros.v:38]
ERROR: [Synth 8-349] instance 'regs' of module 'registros' passed 17 connections, but takes just 16 [C:/Users/Quillo/OneDrive/banco_de_registros/banco_de_registros.srcs/sources_1/new/bancoderegistros.v:38]
INFO: [Synth 8-6157] synthesizing module 'multiplexor16x16' [C:/Users/Quillo/OneDrive/banco_de_registros/banco_de_registros.srcs/sources_1/new/multiplexor16x16.v:22]
ERROR: [Synth 8-6156] failed synthesizing module 'multiplexor16x16' [C:/Users/Quillo/OneDrive/banco_de_registros/banco_de_registros.srcs/sources_1/new/multiplexor16x16.v:22]
ERROR: [Synth 8-6156] failed synthesizing module 'bancoderegistros' [C:/Users/Quillo/OneDrive/banco_de_registros/banco_de_registros.srcs/sources_1/new/bancoderegistros.v:25]
---------------------------------------------------------------------------------
Finished Synthesize : Time (s): cpu = 00:00:15 ; elapsed = 00:00:13 . Memory (MB): peak = 1661.117 ; gain = 531.316
---------------------------------------------------------------------------------
synthesize failed
INFO: [Common 17-83] Releasing license: Synthesis
15 Infos, 12 Warnings, 0 Critical Warnings and 3 Errors encountered.
synth_design completed successfully
synth_design: Time (s): cpu = 00:00:15 ; elapsed = 00:00:13 . Memory (MB): peak = 1661.117 ; gain = 531.316
ERROR: [Common 17-39] 'synth_design' failed due to earlier errors.
WARNING: [filemgmt 56-199] Attempt to get parsing info during refresh. "On-the-fly" syntax checking information may be incorrect. [C:\Users\Quillo\OneDrive\banco_de_registros\banco_de_registros.srcs\sources_1\new\multiplexor16x16.v:]
WARNING: [filemgmt 56-199] Attempt to get parsing info during refresh. "On-the-fly" syntax checking information may be incorrect. [C:\Users\Quillo\OneDrive\banco_de_registros\banco_de_registros.srcs\sources_1\new\decodificadorwr.v:]
WARNING: [filemgmt 56-199] Attempt to get parsing info during refresh. "On-the-fly" syntax checking information may be incorrect. [C:\Users\Quillo\OneDrive\banco_de_registros\banco_de_registros.srcs\sources_1\new\registro16bits.v:]
WARNING: [filemgmt 56-199] Attempt to get parsing info during refresh. "On-the-fly" syntax checking information may be incorrect. [C:\Users\Quillo\OneDrive\banco_de_registros\banco_de_registros.srcs\sources_1\new\template.v:]
WARNING: [filemgmt 56-199] Attempt to get parsing info during refresh. "On-the-fly" syntax checking information may be incorrect. [C:\Users\Quillo\OneDrive\banco_de_registros\banco_de_registros.srcs\sources_1\new\triestado.v:]
WARNING: [filemgmt 56-199] Attempt to get parsing info during refresh. "On-the-fly" syntax checking information may be incorrect. [C:\Users\Quillo\OneDrive\banco_de_registros\banco_de_registros.srcs\sources_1\new\registro8bits.v:]
WARNING: [filemgmt 56-199] Attempt to get parsing info during refresh. "On-the-fly" syntax checking information may be incorrect. [C:\Users\Quillo\OneDrive\banco_de_registros\banco_de_registros.srcs\sources_1\new\multiplexor2x8.v:]
WARNING: [filemgmt 56-199] Attempt to get parsing info during refresh. "On-the-fly" syntax checking information may be incorrect. [C:\Users\Quillo\OneDrive\banco_de_registros\banco_de_registros.srcs\sources_1\new\registros.v:]
WARNING: [filemgmt 56-199] Attempt to get parsing info during refresh. "On-the-fly" syntax checking information may be incorrect. [C:\Users\Quillo\OneDrive\banco_de_registros\banco_de_registros.srcs\sources_1\new\bancoderegistros.v:]
WARNING: [filemgmt 56-199] Attempt to get parsing info during refresh. "On-the-fly" syntax checking information may be incorrect. [C:\Users\Quillo\OneDrive\banco_de_registros\banco_de_registros.srcs\sources_1\new\multiplexor16x16.v:]
WARNING: [filemgmt 56-199] Attempt to get parsing info during refresh. "On-the-fly" syntax checking information may be incorrect. [C:\Users\Quillo\OneDrive\banco_de_registros\banco_de_registros.srcs\sources_1\new\multiplexor16x16.v:]
WARNING: [filemgmt 56-199] Attempt to get parsing info during refresh. "On-the-fly" syntax checking information may be incorrect. [C:\Users\Quillo\OneDrive\banco_de_registros\banco_de_registros.srcs\sources_1\new\multiplexor16x16.v:]
WARNING: [filemgmt 56-199] Attempt to get parsing info during refresh. "On-the-fly" syntax checking information may be incorrect. [C:\Users\Quillo\OneDrive\banco_de_registros\banco_de_registros.srcs\sources_1\new\decodificadorwr.v:]
WARNING: [filemgmt 56-199] Attempt to get parsing info during refresh. "On-the-fly" syntax checking information may be incorrect. [C:\Users\Quillo\OneDrive\banco_de_registros\banco_de_registros.srcs\sources_1\new\registro16bits.v:]
WARNING: [filemgmt 56-199] Attempt to get parsing info during refresh. "On-the-fly" syntax checking information may be incorrect. [C:\Users\Quillo\OneDrive\banco_de_registros\banco_de_registros.srcs\sources_1\new\template.v:]
WARNING: [filemgmt 56-199] Attempt to get parsing info during refresh. "On-the-fly" syntax checking information may be incorrect. [C:\Users\Quillo\OneDrive\banco_de_registros\banco_de_registros.srcs\sources_1\new\triestado.v:]
WARNING: [filemgmt 56-199] Attempt to get parsing info during refresh. "On-the-fly" syntax checking information may be incorrect. [C:\Users\Quillo\OneDrive\banco_de_registros\banco_de_registros.srcs\sources_1\new\registro8bits.v:]
WARNING: [filemgmt 56-199] Attempt to get parsing info during refresh. "On-the-fly" syntax checking information may be incorrect. [C:\Users\Quillo\OneDrive\banco_de_registros\banco_de_registros.srcs\sources_1\new\multiplexor2x8.v:]
WARNING: [filemgmt 56-199] Attempt to get parsing info during refresh. "On-the-fly" syntax checking information may be incorrect. [C:\Users\Quillo\OneDrive\banco_de_registros\banco_de_registros.srcs\sources_1\new\registros.v:]
WARNING: [filemgmt 56-199] Attempt to get parsing info during refresh. "On-the-fly" syntax checking information may be incorrect. [C:\Users\Quillo\OneDrive\banco_de_registros\banco_de_registros.srcs\sources_1\new\bancoderegistros.v:]
WARNING: [filemgmt 56-199] Attempt to get parsing info during refresh. "On-the-fly" syntax checking information may be incorrect. [C:\Users\Quillo\OneDrive\banco_de_registros\banco_de_registros.srcs\sources_1\new\registros.v:]
WARNING: [filemgmt 56-199] Attempt to get parsing info during refresh. "On-the-fly" syntax checking information may be incorrect. [C:\Users\Quillo\OneDrive\banco_de_registros\banco_de_registros.srcs\sources_1\new\registros.v:]
WARNING: [filemgmt 56-199] Attempt to get parsing info during refresh. "On-the-fly" syntax checking information may be incorrect. [C:\Users\Quillo\OneDrive\banco_de_registros\banco_de_registros.srcs\sources_1\new\multiplexor16x16.v:]
WARNING: [filemgmt 56-199] Attempt to get parsing info during refresh. "On-the-fly" syntax checking information may be incorrect. [C:\Users\Quillo\OneDrive\banco_de_registros\banco_de_registros.srcs\sources_1\new\decodificadorwr.v:]
WARNING: [filemgmt 56-199] Attempt to get parsing info during refresh. "On-the-fly" syntax checking information may be incorrect. [C:\Users\Quillo\OneDrive\banco_de_registros\banco_de_registros.srcs\sources_1\new\registro16bits.v:]
WARNING: [filemgmt 56-199] Attempt to get parsing info during refresh. "On-the-fly" syntax checking information may be incorrect. [C:\Users\Quillo\OneDrive\banco_de_registros\banco_de_registros.srcs\sources_1\new\template.v:]
WARNING: [filemgmt 56-199] Attempt to get parsing info during refresh. "On-the-fly" syntax checking information may be incorrect. [C:\Users\Quillo\OneDrive\banco_de_registros\banco_de_registros.srcs\sources_1\new\triestado.v:]
WARNING: [filemgmt 56-199] Attempt to get parsing info during refresh. "On-the-fly" syntax checking information may be incorrect. [C:\Users\Quillo\OneDrive\banco_de_registros\banco_de_registros.srcs\sources_1\new\registro8bits.v:]
WARNING: [filemgmt 56-199] Attempt to get parsing info during refresh. "On-the-fly" syntax checking information may be incorrect. [C:\Users\Quillo\OneDrive\banco_de_registros\banco_de_registros.srcs\sources_1\new\multiplexor2x8.v:]
WARNING: [filemgmt 56-199] Attempt to get parsing info during refresh. "On-the-fly" syntax checking information may be incorrect. [C:\Users\Quillo\OneDrive\banco_de_registros\banco_de_registros.srcs\sources_1\new\registros.v:]
WARNING: [filemgmt 56-199] Attempt to get parsing info during refresh. "On-the-fly" syntax checking information may be incorrect. [C:\Users\Quillo\OneDrive\banco_de_registros\banco_de_registros.srcs\sources_1\new\bancoderegistros.v:]
WARNING: [filemgmt 56-199] Attempt to get parsing info during refresh. "On-the-fly" syntax checking information may be incorrect. [C:\Users\Quillo\OneDrive\banco_de_registros\banco_de_registros.srcs\sources_1\new\registro16bits.v:]
WARNING: [filemgmt 56-199] Attempt to get parsing info during refresh. "On-the-fly" syntax checking information may be incorrect. [C:\Users\Quillo\OneDrive\banco_de_registros\banco_de_registros.srcs\sources_1\new\registro16bits.v:]
WARNING: [filemgmt 56-199] Attempt to get parsing info during refresh. "On-the-fly" syntax checking information may be incorrect. [C:\Users\Quillo\OneDrive\banco_de_registros\banco_de_registros.srcs\sources_1\new\multiplexor16x16.v:]
WARNING: [filemgmt 56-199] Attempt to get parsing info during refresh. "On-the-fly" syntax checking information may be incorrect. [C:\Users\Quillo\OneDrive\banco_de_registros\banco_de_registros.srcs\sources_1\new\decodificadorwr.v:]
WARNING: [filemgmt 56-199] Attempt to get parsing info during refresh. "On-the-fly" syntax checking information may be incorrect. [C:\Users\Quillo\OneDrive\banco_de_registros\banco_de_registros.srcs\sources_1\new\registro16bits.v:]
WARNING: [filemgmt 56-199] Attempt to get parsing info during refresh. "On-the-fly" syntax checking information may be incorrect. [C:\Users\Quillo\OneDrive\banco_de_registros\banco_de_registros.srcs\sources_1\new\template.v:]
WARNING: [filemgmt 56-199] Attempt to get parsing info during refresh. "On-the-fly" syntax checking information may be incorrect. [C:\Users\Quillo\OneDrive\banco_de_registros\banco_de_registros.srcs\sources_1\new\triestado.v:]
WARNING: [filemgmt 56-199] Attempt to get parsing info during refresh. "On-the-fly" syntax checking information may be incorrect. [C:\Users\Quillo\OneDrive\banco_de_registros\banco_de_registros.srcs\sources_1\new\registro8bits.v:]
WARNING: [filemgmt 56-199] Attempt to get parsing info during refresh. "On-the-fly" syntax checking information may be incorrect. [C:\Users\Quillo\OneDrive\banco_de_registros\banco_de_registros.srcs\sources_1\new\multiplexor2x8.v:]
WARNING: [filemgmt 56-199] Attempt to get parsing info during refresh. "On-the-fly" syntax checking information may be incorrect. [C:\Users\Quillo\OneDrive\banco_de_registros\banco_de_registros.srcs\sources_1\new\registros.v:]
WARNING: [filemgmt 56-199] Attempt to get parsing info during refresh. "On-the-fly" syntax checking information may be incorrect. [C:\Users\Quillo\OneDrive\banco_de_registros\banco_de_registros.srcs\sources_1\new\bancoderegistros.v:]
WARNING: [filemgmt 56-199] Attempt to get parsing info during refresh. "On-the-fly" syntax checking information may be incorrect. [C:\Users\Quillo\OneDrive\banco_de_registros\banco_de_registros.srcs\sources_1\new\triestado.v:]
WARNING: [filemgmt 56-199] Attempt to get parsing info during refresh. "On-the-fly" syntax checking information may be incorrect. [C:\Users\Quillo\OneDrive\banco_de_registros\banco_de_registros.srcs\sources_1\new\triestado.v:]
WARNING: [filemgmt 56-199] Attempt to get parsing info during refresh. "On-the-fly" syntax checking information may be incorrect. [C:\Users\Quillo\OneDrive\banco_de_registros\banco_de_registros.srcs\sources_1\new\multiplexor16x16.v:]
WARNING: [filemgmt 56-199] Attempt to get parsing info during refresh. "On-the-fly" syntax checking information may be incorrect. [C:\Users\Quillo\OneDrive\banco_de_registros\banco_de_registros.srcs\sources_1\new\decodificadorwr.v:]
WARNING: [filemgmt 56-199] Attempt to get parsing info during refresh. "On-the-fly" syntax checking information may be incorrect. [C:\Users\Quillo\OneDrive\banco_de_registros\banco_de_registros.srcs\sources_1\new\registro16bits.v:]
WARNING: [filemgmt 56-199] Attempt to get parsing info during refresh. "On-the-fly" syntax checking information may be incorrect. [C:\Users\Quillo\OneDrive\banco_de_registros\banco_de_registros.srcs\sources_1\new\template.v:]
WARNING: [filemgmt 56-199] Attempt to get parsing info during refresh. "On-the-fly" syntax checking information may be incorrect. [C:\Users\Quillo\OneDrive\banco_de_registros\banco_de_registros.srcs\sources_1\new\triestado.v:]
WARNING: [filemgmt 56-199] Attempt to get parsing info during refresh. "On-the-fly" syntax checking information may be incorrect. [C:\Users\Quillo\OneDrive\banco_de_registros\banco_de_registros.srcs\sources_1\new\registro8bits.v:]
WARNING: [filemgmt 56-199] Attempt to get parsing info during refresh. "On-the-fly" syntax checking information may be incorrect. [C:\Users\Quillo\OneDrive\banco_de_registros\banco_de_registros.srcs\sources_1\new\multiplexor2x8.v:]
WARNING: [filemgmt 56-199] Attempt to get parsing info during refresh. "On-the-fly" syntax checking information may be incorrect. [C:\Users\Quillo\OneDrive\banco_de_registros\banco_de_registros.srcs\sources_1\new\registros.v:]
WARNING: [filemgmt 56-199] Attempt to get parsing info during refresh. "On-the-fly" syntax checking information may be incorrect. [C:\Users\Quillo\OneDrive\banco_de_registros\banco_de_registros.srcs\sources_1\new\bancoderegistros.v:]
WARNING: [filemgmt 56-199] Attempt to get parsing info during refresh. "On-the-fly" syntax checking information may be incorrect. [C:\Users\Quillo\OneDrive\banco_de_registros\banco_de_registros.srcs\sources_1\new\template.v:]
WARNING: [filemgmt 56-199] Attempt to get parsing info during refresh. "On-the-fly" syntax checking information may be incorrect. [C:\Users\Quillo\OneDrive\banco_de_registros\banco_de_registros.srcs\sources_1\new\template.v:]
WARNING: [filemgmt 56-199] Attempt to get parsing info during refresh. "On-the-fly" syntax checking information may be incorrect. [C:\Users\Quillo\OneDrive\banco_de_registros\banco_de_registros.srcs\sources_1\new\multiplexor16x16.v:]
WARNING: [filemgmt 56-199] Attempt to get parsing info during refresh. "On-the-fly" syntax checking information may be incorrect. [C:\Users\Quillo\OneDrive\banco_de_registros\banco_de_registros.srcs\sources_1\new\decodificadorwr.v:]
WARNING: [filemgmt 56-199] Attempt to get parsing info during refresh. "On-the-fly" syntax checking information may be incorrect. [C:\Users\Quillo\OneDrive\banco_de_registros\banco_de_registros.srcs\sources_1\new\registro16bits.v:]
WARNING: [filemgmt 56-199] Attempt to get parsing info during refresh. "On-the-fly" syntax checking information may be incorrect. [C:\Users\Quillo\OneDrive\banco_de_registros\banco_de_registros.srcs\sources_1\new\template.v:]
WARNING: [filemgmt 56-199] Attempt to get parsing info during refresh. "On-the-fly" syntax checking information may be incorrect. [C:\Users\Quillo\OneDrive\banco_de_registros\banco_de_registros.srcs\sources_1\new\triestado.v:]
WARNING: [filemgmt 56-199] Attempt to get parsing info during refresh. "On-the-fly" syntax checking information may be incorrect. [C:\Users\Quillo\OneDrive\banco_de_registros\banco_de_registros.srcs\sources_1\new\registro8bits.v:]
WARNING: [filemgmt 56-199] Attempt to get parsing info during refresh. "On-the-fly" syntax checking information may be incorrect. [C:\Users\Quillo\OneDrive\banco_de_registros\banco_de_registros.srcs\sources_1\new\multiplexor2x8.v:]
WARNING: [filemgmt 56-199] Attempt to get parsing info during refresh. "On-the-fly" syntax checking information may be incorrect. [C:\Users\Quillo\OneDrive\banco_de_registros\banco_de_registros.srcs\sources_1\new\registros.v:]
WARNING: [filemgmt 56-199] Attempt to get parsing info during refresh. "On-the-fly" syntax checking information may be incorrect. [C:\Users\Quillo\OneDrive\banco_de_registros\banco_de_registros.srcs\sources_1\new\bancoderegistros.v:]
WARNING: [filemgmt 56-199] Attempt to get parsing info during refresh. "On-the-fly" syntax checking information may be incorrect. [C:\Users\Quillo\OneDrive\banco_de_registros\banco_de_registros.srcs\sources_1\new\registro8bits.v:]
WARNING: [filemgmt 56-199] Attempt to get parsing info during refresh. "On-the-fly" syntax checking information may be incorrect. [C:\Users\Quillo\OneDrive\banco_de_registros\banco_de_registros.srcs\sources_1\new\registro8bits.v:]
WARNING: [filemgmt 56-199] Attempt to get parsing info during refresh. "On-the-fly" syntax checking information may be incorrect. [C:\Users\Quillo\OneDrive\banco_de_registros\banco_de_registros.srcs\sources_1\new\multiplexor16x16.v:]
WARNING: [filemgmt 56-199] Attempt to get parsing info during refresh. "On-the-fly" syntax checking information may be incorrect. [C:\Users\Quillo\OneDrive\banco_de_registros\banco_de_registros.srcs\sources_1\new\decodificadorwr.v:]
WARNING: [filemgmt 56-199] Attempt to get parsing info during refresh. "On-the-fly" syntax checking information may be incorrect. [C:\Users\Quillo\OneDrive\banco_de_registros\banco_de_registros.srcs\sources_1\new\registro16bits.v:]
WARNING: [filemgmt 56-199] Attempt to get parsing info during refresh. "On-the-fly" syntax checking information may be incorrect. [C:\Users\Quillo\OneDrive\banco_de_registros\banco_de_registros.srcs\sources_1\new\template.v:]
WARNING: [filemgmt 56-199] Attempt to get parsing info during refresh. "On-the-fly" syntax checking information may be incorrect. [C:\Users\Quillo\OneDrive\banco_de_registros\banco_de_registros.srcs\sources_1\new\triestado.v:]
WARNING: [filemgmt 56-199] Attempt to get parsing info during refresh. "On-the-fly" syntax checking information may be incorrect. [C:\Users\Quillo\OneDrive\banco_de_registros\banco_de_registros.srcs\sources_1\new\registro8bits.v:]
WARNING: [filemgmt 56-199] Attempt to get parsing info during refresh. "On-the-fly" syntax checking information may be incorrect. [C:\Users\Quillo\OneDrive\banco_de_registros\banco_de_registros.srcs\sources_1\new\multiplexor2x8.v:]
WARNING: [filemgmt 56-199] Attempt to get parsing info during refresh. "On-the-fly" syntax checking information may be incorrect. [C:\Users\Quillo\OneDrive\banco_de_registros\banco_de_registros.srcs\sources_1\new\registros.v:]
WARNING: [filemgmt 56-199] Attempt to get parsing info during refresh. "On-the-fly" syntax checking information may be incorrect. [C:\Users\Quillo\OneDrive\banco_de_registros\banco_de_registros.srcs\sources_1\new\bancoderegistros.v:]
WARNING: [filemgmt 56-199] Attempt to get parsing info during refresh. "On-the-fly" syntax checking information may be incorrect. [C:\Users\Quillo\OneDrive\banco_de_registros\banco_de_registros.srcs\sources_1\new\multiplexor2x8.v:]
WARNING: [filemgmt 56-199] Attempt to get parsing info during refresh. "On-the-fly" syntax checking information may be incorrect. [C:\Users\Quillo\OneDrive\banco_de_registros\banco_de_registros.srcs\sources_1\new\multiplexor2x8.v:]
ERROR: [Common 17-180] Spawn failed: No error
WARNING: [filemgmt 56-199] Attempt to get parsing info during refresh. "On-the-fly" syntax checking information may be incorrect. [C:\Users\Quillo\OneDrive\banco_de_registros\banco_de_registros.srcs\sources_1\new\multiplexor16x16.v:]
WARNING: [filemgmt 56-199] Attempt to get parsing info during refresh. "On-the-fly" syntax checking information may be incorrect. [C:\Users\Quillo\OneDrive\banco_de_registros\banco_de_registros.srcs\sources_1\new\decodificadorwr.v:]
WARNING: [filemgmt 56-199] Attempt to get parsing info during refresh. "On-the-fly" syntax checking information may be incorrect. [C:\Users\Quillo\OneDrive\banco_de_registros\banco_de_registros.srcs\sources_1\new\registro16bits.v:]
WARNING: [filemgmt 56-199] Attempt to get parsing info during refresh. "On-the-fly" syntax checking information may be incorrect. [C:\Users\Quillo\OneDrive\banco_de_registros\banco_de_registros.srcs\sources_1\new\template.v:]
WARNING: [filemgmt 56-199] Attempt to get parsing info during refresh. "On-the-fly" syntax checking information may be incorrect. [C:\Users\Quillo\OneDrive\banco_de_registros\banco_de_registros.srcs\sources_1\new\triestado.v:]
WARNING: [filemgmt 56-199] Attempt to get parsing info during refresh. "On-the-fly" syntax checking information may be incorrect. [C:\Users\Quillo\OneDrive\banco_de_registros\banco_de_registros.srcs\sources_1\new\registro8bits.v:]
WARNING: [filemgmt 56-199] Attempt to get parsing info during refresh. "On-the-fly" syntax checking information may be incorrect. [C:\Users\Quillo\OneDrive\banco_de_registros\banco_de_registros.srcs\sources_1\new\multiplexor2x8.v:]
WARNING: [filemgmt 56-199] Attempt to get parsing info during refresh. "On-the-fly" syntax checking information may be incorrect. [C:\Users\Quillo\OneDrive\banco_de_registros\banco_de_registros.srcs\sources_1\new\registros.v:]
WARNING: [filemgmt 56-199] Attempt to get parsing info during refresh. "On-the-fly" syntax checking information may be incorrect. [C:\Users\Quillo\OneDrive\banco_de_registros\banco_de_registros.srcs\sources_1\new\bancoderegistros.v:]
WARNING: [filemgmt 56-199] Attempt to get parsing info during refresh. "On-the-fly" syntax checking information may be incorrect. [C:\Users\Quillo\OneDrive\banco_de_registros\banco_de_registros.srcs\sources_1\new\bancoderegistros.v:]
WARNING: [filemgmt 56-199] Attempt to get parsing info during refresh. "On-the-fly" syntax checking information may be incorrect. [C:\Users\Quillo\OneDrive\banco_de_registros\banco_de_registros.srcs\sources_1\new\bancoderegistros.v:]
ERROR: [Common 17-180] Spawn failed: No error
synth_design -top bancoderegistros -part xc7a200tfbg676-2 -lint 
Command: synth_design -top bancoderegistros -part xc7a200tfbg676-2 -lint
Starting synth_design
Attempting to get a license for feature 'Synthesis' and/or device 'xc7a200t'
INFO: [Common 17-349] Got license for feature 'Synthesis' and/or device 'xc7a200t'
INFO: [Common 17-83] Releasing license: Synthesis
2 Infos, 0 Warnings, 0 Critical Warnings and 1 Errors encountered.
synth_design failed
ERROR: [Designutils 20-411] The directory 'C:/Users/Quillo/OneDrive/banco_de_registros/.Xil/Vivado-16268-Quillo-Thinkpad/realtime' could not be deleted and may be locked. This directory may need to be manually deleted to continue.
WARNING: [filemgmt 56-199] Attempt to get parsing info during refresh. "On-the-fly" syntax checking information may be incorrect. [C:\Users\Quillo\OneDrive\banco_de_registros\banco_de_registros.srcs\sources_1\new\multiplexor16x16.v:]
WARNING: [filemgmt 56-199] Attempt to get parsing info during refresh. "On-the-fly" syntax checking information may be incorrect. [C:\Users\Quillo\OneDrive\banco_de_registros\banco_de_registros.srcs\sources_1\new\registro16bits.v:]
WARNING: [filemgmt 56-199] Attempt to get parsing info during refresh. "On-the-fly" syntax checking information may be incorrect. [C:\Users\Quillo\OneDrive\banco_de_registros\banco_de_registros.srcs\sources_1\new\template.v:]
WARNING: [filemgmt 56-199] Attempt to get parsing info during refresh. "On-the-fly" syntax checking information may be incorrect. [C:\Users\Quillo\OneDrive\banco_de_registros\banco_de_registros.srcs\sources_1\new\triestado.v:]
WARNING: [filemgmt 56-199] Attempt to get parsing info during refresh. "On-the-fly" syntax checking information may be incorrect. [C:\Users\Quillo\OneDrive\banco_de_registros\banco_de_registros.srcs\sources_1\new\registro8bits.v:]
WARNING: [filemgmt 56-199] Attempt to get parsing info during refresh. "On-the-fly" syntax checking information may be incorrect. [C:\Users\Quillo\OneDrive\banco_de_registros\banco_de_registros.srcs\sources_1\new\multiplexor2x8.v:]
WARNING: [filemgmt 56-199] Attempt to get parsing info during refresh. "On-the-fly" syntax checking information may be incorrect. [C:\Users\Quillo\OneDrive\banco_de_registros\banco_de_registros.srcs\sources_1\new\registros.v:]
WARNING: [filemgmt 56-199] Attempt to get parsing info during refresh. "On-the-fly" syntax checking information may be incorrect. [C:\Users\Quillo\OneDrive\banco_de_registros\banco_de_registros.srcs\sources_1\new\bancoderegistros.v:]
WARNING: [filemgmt 56-199] Attempt to get parsing info during refresh. "On-the-fly" syntax checking information may be incorrect. [C:\Users\Quillo\OneDrive\banco_de_registros\banco_de_registros.srcs\sources_1\new\registros.v:]
WARNING: [filemgmt 56-199] Attempt to get parsing info during refresh. "On-the-fly" syntax checking information may be incorrect. [C:\Users\Quillo\OneDrive\banco_de_registros\banco_de_registros.srcs\sources_1\new\registros.v:]
WARNING: [filemgmt 56-199] Attempt to get parsing info during refresh. "On-the-fly" syntax checking information may be incorrect. [C:\Users\Quillo\OneDrive\banco_de_registros\banco_de_registros.srcs\sources_1\new\multiplexor16x16.v:]
WARNING: [filemgmt 56-199] Attempt to get parsing info during refresh. "On-the-fly" syntax checking information may be incorrect. [C:\Users\Quillo\OneDrive\banco_de_registros\banco_de_registros.srcs\sources_1\new\registro16bits.v:]
WARNING: [filemgmt 56-199] Attempt to get parsing info during refresh. "On-the-fly" syntax checking information may be incorrect. [C:\Users\Quillo\OneDrive\banco_de_registros\banco_de_registros.srcs\sources_1\new\template.v:]
WARNING: [filemgmt 56-199] Attempt to get parsing info during refresh. "On-the-fly" syntax checking information may be incorrect. [C:\Users\Quillo\OneDrive\banco_de_registros\banco_de_registros.srcs\sources_1\new\triestado.v:]
WARNING: [filemgmt 56-199] Attempt to get parsing info during refresh. "On-the-fly" syntax checking information may be incorrect. [C:\Users\Quillo\OneDrive\banco_de_registros\banco_de_registros.srcs\sources_1\new\registro8bits.v:]
WARNING: [filemgmt 56-199] Attempt to get parsing info during refresh. "On-the-fly" syntax checking information may be incorrect. [C:\Users\Quillo\OneDrive\banco_de_registros\banco_de_registros.srcs\sources_1\new\multiplexor2x8.v:]
WARNING: [filemgmt 56-199] Attempt to get parsing info during refresh. "On-the-fly" syntax checking information may be incorrect. [C:\Users\Quillo\OneDrive\banco_de_registros\banco_de_registros.srcs\sources_1\new\registros.v:]
WARNING: [filemgmt 56-199] Attempt to get parsing info during refresh. "On-the-fly" syntax checking information may be incorrect. [C:\Users\Quillo\OneDrive\banco_de_registros\banco_de_registros.srcs\sources_1\new\bancoderegistros.v:]
WARNING: [filemgmt 56-199] Attempt to get parsing info during refresh. "On-the-fly" syntax checking information may be incorrect. [C:\Users\Quillo\OneDrive\banco_de_registros\banco_de_registros.srcs\sources_1\new\template.v:]
WARNING: [filemgmt 56-199] Attempt to get parsing info during refresh. "On-the-fly" syntax checking information may be incorrect. [C:\Users\Quillo\OneDrive\banco_de_registros\banco_de_registros.srcs\sources_1\new\template.v:]
WARNING: [filemgmt 56-199] Attempt to get parsing info during refresh. "On-the-fly" syntax checking information may be incorrect. [C:\Users\Quillo\OneDrive\banco_de_registros\banco_de_registros.srcs\sources_1\new\multiplexor16x16.v:]
WARNING: [filemgmt 56-199] Attempt to get parsing info during refresh. "On-the-fly" syntax checking information may be incorrect. [C:\Users\Quillo\OneDrive\banco_de_registros\banco_de_registros.srcs\sources_1\new\registro16bits.v:]
WARNING: [filemgmt 56-199] Attempt to get parsing info during refresh. "On-the-fly" syntax checking information may be incorrect. [C:\Users\Quillo\OneDrive\banco_de_registros\banco_de_registros.srcs\sources_1\new\template.v:]
WARNING: [filemgmt 56-199] Attempt to get parsing info during refresh. "On-the-fly" syntax checking information may be incorrect. [C:\Users\Quillo\OneDrive\banco_de_registros\banco_de_registros.srcs\sources_1\new\triestado.v:]
WARNING: [filemgmt 56-199] Attempt to get parsing info during refresh. "On-the-fly" syntax checking information may be incorrect. [C:\Users\Quillo\OneDrive\banco_de_registros\banco_de_registros.srcs\sources_1\new\registro8bits.v:]
WARNING: [filemgmt 56-199] Attempt to get parsing info during refresh. "On-the-fly" syntax checking information may be incorrect. [C:\Users\Quillo\OneDrive\banco_de_registros\banco_de_registros.srcs\sources_1\new\multiplexor2x8.v:]
WARNING: [filemgmt 56-199] Attempt to get parsing info during refresh. "On-the-fly" syntax checking information may be incorrect. [C:\Users\Quillo\OneDrive\banco_de_registros\banco_de_registros.srcs\sources_1\new\registros.v:]
WARNING: [filemgmt 56-199] Attempt to get parsing info during refresh. "On-the-fly" syntax checking information may be incorrect. [C:\Users\Quillo\OneDrive\banco_de_registros\banco_de_registros.srcs\sources_1\new\bancoderegistros.v:]
WARNING: [filemgmt 56-199] Attempt to get parsing info during refresh. "On-the-fly" syntax checking information may be incorrect. [C:\Users\Quillo\OneDrive\banco_de_registros\banco_de_registros.srcs\sources_1\new\triestado.v:]
WARNING: [filemgmt 56-199] Attempt to get parsing info during refresh. "On-the-fly" syntax checking information may be incorrect. [C:\Users\Quillo\OneDrive\banco_de_registros\banco_de_registros.srcs\sources_1\new\triestado.v:]
WARNING: [filemgmt 56-199] Attempt to get parsing info during refresh. "On-the-fly" syntax checking information may be incorrect. [C:\Users\Quillo\OneDrive\banco_de_registros\banco_de_registros.srcs\sources_1\new\multiplexor16x16.v:]
WARNING: [filemgmt 56-199] Attempt to get parsing info during refresh. "On-the-fly" syntax checking information may be incorrect. [C:\Users\Quillo\OneDrive\banco_de_registros\banco_de_registros.srcs\sources_1\new\registro16bits.v:]
WARNING: [filemgmt 56-199] Attempt to get parsing info during refresh. "On-the-fly" syntax checking information may be incorrect. [C:\Users\Quillo\OneDrive\banco_de_registros\banco_de_registros.srcs\sources_1\new\template.v:]
WARNING: [filemgmt 56-199] Attempt to get parsing info during refresh. "On-the-fly" syntax checking information may be incorrect. [C:\Users\Quillo\OneDrive\banco_de_registros\banco_de_registros.srcs\sources_1\new\triestado.v:]
WARNING: [filemgmt 56-199] Attempt to get parsing info during refresh. "On-the-fly" syntax checking information may be incorrect. [C:\Users\Quillo\OneDrive\banco_de_registros\banco_de_registros.srcs\sources_1\new\registro8bits.v:]
WARNING: [filemgmt 56-199] Attempt to get parsing info during refresh. "On-the-fly" syntax checking information may be incorrect. [C:\Users\Quillo\OneDrive\banco_de_registros\banco_de_registros.srcs\sources_1\new\multiplexor2x8.v:]
WARNING: [filemgmt 56-199] Attempt to get parsing info during refresh. "On-the-fly" syntax checking information may be incorrect. [C:\Users\Quillo\OneDrive\banco_de_registros\banco_de_registros.srcs\sources_1\new\registros.v:]
WARNING: [filemgmt 56-199] Attempt to get parsing info during refresh. "On-the-fly" syntax checking information may be incorrect. [C:\Users\Quillo\OneDrive\banco_de_registros\banco_de_registros.srcs\sources_1\new\bancoderegistros.v:]
WARNING: [filemgmt 56-199] Attempt to get parsing info during refresh. "On-the-fly" syntax checking information may be incorrect. [C:\Users\Quillo\OneDrive\banco_de_registros\banco_de_registros.srcs\sources_1\new\multiplexor16x16.v:]
WARNING: [filemgmt 56-199] Attempt to get parsing info during refresh. "On-the-fly" syntax checking information may be incorrect. [C:\Users\Quillo\OneDrive\banco_de_registros\banco_de_registros.srcs\sources_1\new\multiplexor16x16.v:]
WARNING: [filemgmt 56-199] Attempt to get parsing info during refresh. "On-the-fly" syntax checking information may be incorrect. [C:\Users\Quillo\OneDrive\banco_de_registros\banco_de_registros.srcs\sources_1\new\multiplexor16x16.v:]
WARNING: [filemgmt 56-199] Attempt to get parsing info during refresh. "On-the-fly" syntax checking information may be incorrect. [C:\Users\Quillo\OneDrive\banco_de_registros\banco_de_registros.srcs\sources_1\new\registro16bits.v:]
WARNING: [filemgmt 56-199] Attempt to get parsing info during refresh. "On-the-fly" syntax checking information may be incorrect. [C:\Users\Quillo\OneDrive\banco_de_registros\banco_de_registros.srcs\sources_1\new\template.v:]
WARNING: [filemgmt 56-199] Attempt to get parsing info during refresh. "On-the-fly" syntax checking information may be incorrect. [C:\Users\Quillo\OneDrive\banco_de_registros\banco_de_registros.srcs\sources_1\new\triestado.v:]
WARNING: [filemgmt 56-199] Attempt to get parsing info during refresh. "On-the-fly" syntax checking information may be incorrect. [C:\Users\Quillo\OneDrive\banco_de_registros\banco_de_registros.srcs\sources_1\new\registro8bits.v:]
WARNING: [filemgmt 56-199] Attempt to get parsing info during refresh. "On-the-fly" syntax checking information may be incorrect. [C:\Users\Quillo\OneDrive\banco_de_registros\banco_de_registros.srcs\sources_1\new\multiplexor2x8.v:]
WARNING: [filemgmt 56-199] Attempt to get parsing info during refresh. "On-the-fly" syntax checking information may be incorrect. [C:\Users\Quillo\OneDrive\banco_de_registros\banco_de_registros.srcs\sources_1\new\registros.v:]
WARNING: [filemgmt 56-199] Attempt to get parsing info during refresh. "On-the-fly" syntax checking information may be incorrect. [C:\Users\Quillo\OneDrive\banco_de_registros\banco_de_registros.srcs\sources_1\new\bancoderegistros.v:]
WARNING: [filemgmt 56-199] Attempt to get parsing info during refresh. "On-the-fly" syntax checking information may be incorrect. [C:\Users\Quillo\OneDrive\banco_de_registros\banco_de_registros.srcs\sources_1\new\registro8bits.v:]
WARNING: [filemgmt 56-199] Attempt to get parsing info during refresh. "On-the-fly" syntax checking information may be incorrect. [C:\Users\Quillo\OneDrive\banco_de_registros\banco_de_registros.srcs\sources_1\new\registro8bits.v:]
ERROR: [Common 17-180] Spawn failed: No error
WARNING: [filemgmt 56-199] Attempt to get parsing info during refresh. "On-the-fly" syntax checking information may be incorrect. [C:\Users\Quillo\OneDrive\banco_de_registros\banco_de_registros.srcs\sources_1\new\multiplexor16x16.v:]
WARNING: [filemgmt 56-199] Attempt to get parsing info during refresh. "On-the-fly" syntax checking information may be incorrect. [C:\Users\Quillo\OneDrive\banco_de_registros\banco_de_registros.srcs\sources_1\new\registro16bits.v:]
WARNING: [filemgmt 56-199] Attempt to get parsing info during refresh. "On-the-fly" syntax checking information may be incorrect. [C:\Users\Quillo\OneDrive\banco_de_registros\banco_de_registros.srcs\sources_1\new\template.v:]
WARNING: [filemgmt 56-199] Attempt to get parsing info during refresh. "On-the-fly" syntax checking information may be incorrect. [C:\Users\Quillo\OneDrive\banco_de_registros\banco_de_registros.srcs\sources_1\new\triestado.v:]
WARNING: [filemgmt 56-199] Attempt to get parsing info during refresh. "On-the-fly" syntax checking information may be incorrect. [C:\Users\Quillo\OneDrive\banco_de_registros\banco_de_registros.srcs\sources_1\new\registro8bits.v:]
WARNING: [filemgmt 56-199] Attempt to get parsing info during refresh. "On-the-fly" syntax checking information may be incorrect. [C:\Users\Quillo\OneDrive\banco_de_registros\banco_de_registros.srcs\sources_1\new\multiplexor2x8.v:]
WARNING: [filemgmt 56-199] Attempt to get parsing info during refresh. "On-the-fly" syntax checking information may be incorrect. [C:\Users\Quillo\OneDrive\banco_de_registros\banco_de_registros.srcs\sources_1\new\registros.v:]
WARNING: [filemgmt 56-199] Attempt to get parsing info during refresh. "On-the-fly" syntax checking information may be incorrect. [C:\Users\Quillo\OneDrive\banco_de_registros\banco_de_registros.srcs\sources_1\new\bancoderegistros.v:]
WARNING: [filemgmt 56-199] Attempt to get parsing info during refresh. "On-the-fly" syntax checking information may be incorrect. [C:\Users\Quillo\OneDrive\banco_de_registros\banco_de_registros.srcs\sources_1\new\multiplexor2x8.v:]
WARNING: [filemgmt 56-199] Attempt to get parsing info during refresh. "On-the-fly" syntax checking information may be incorrect. [C:\Users\Quillo\OneDrive\banco_de_registros\banco_de_registros.srcs\sources_1\new\multiplexor2x8.v:]
ERROR: [Common 17-180] Spawn failed: No error
WARNING: [filemgmt 56-199] Attempt to get parsing info during refresh. "On-the-fly" syntax checking information may be incorrect. [C:\Users\Quillo\OneDrive\banco_de_registros\banco_de_registros.srcs\sources_1\new\multiplexor16x16.v:]
WARNING: [filemgmt 56-199] Attempt to get parsing info during refresh. "On-the-fly" syntax checking information may be incorrect. [C:\Users\Quillo\OneDrive\banco_de_registros\banco_de_registros.srcs\sources_1\new\registro16bits.v:]
WARNING: [filemgmt 56-199] Attempt to get parsing info during refresh. "On-the-fly" syntax checking information may be incorrect. [C:\Users\Quillo\OneDrive\banco_de_registros\banco_de_registros.srcs\sources_1\new\template.v:]
WARNING: [filemgmt 56-199] Attempt to get parsing info during refresh. "On-the-fly" syntax checking information may be incorrect. [C:\Users\Quillo\OneDrive\banco_de_registros\banco_de_registros.srcs\sources_1\new\triestado.v:]
WARNING: [filemgmt 56-199] Attempt to get parsing info during refresh. "On-the-fly" syntax checking information may be incorrect. [C:\Users\Quillo\OneDrive\banco_de_registros\banco_de_registros.srcs\sources_1\new\registro8bits.v:]
WARNING: [filemgmt 56-199] Attempt to get parsing info during refresh. "On-the-fly" syntax checking information may be incorrect. [C:\Users\Quillo\OneDrive\banco_de_registros\banco_de_registros.srcs\sources_1\new\multiplexor2x8.v:]
WARNING: [filemgmt 56-199] Attempt to get parsing info during refresh. "On-the-fly" syntax checking information may be incorrect. [C:\Users\Quillo\OneDrive\banco_de_registros\banco_de_registros.srcs\sources_1\new\registros.v:]
WARNING: [filemgmt 56-199] Attempt to get parsing info during refresh. "On-the-fly" syntax checking information may be incorrect. [C:\Users\Quillo\OneDrive\banco_de_registros\banco_de_registros.srcs\sources_1\new\bancoderegistros.v:]
WARNING: [filemgmt 56-199] Attempt to get parsing info during refresh. "On-the-fly" syntax checking information may be incorrect. [C:\Users\Quillo\OneDrive\banco_de_registros\banco_de_registros.srcs\sources_1\new\bancoderegistros.v:]
WARNING: [filemgmt 56-199] Attempt to get parsing info during refresh. "On-the-fly" syntax checking information may be incorrect. [C:\Users\Quillo\OneDrive\banco_de_registros\banco_de_registros.srcs\sources_1\new\bancoderegistros.v:]
ERROR: [Common 17-180] Spawn failed: No error
reset_run synth_1
WARNING: [Vivado 12-1017] Problems encountered:
1. Failed to delete one or more files in run directory C:/Users/Quillo/OneDrive/banco_de_registros/banco_de_registros.runs/synth_1

launch_runs synth_1 -jobs 8
WARNING: [Vivado 12-7122] Auto Incremental Compile:: No reference checkpoint was found in run synth_1. Auto-incremental flow will not be run, the standard flow will be run instead.
[Wed Apr  2 15:05:58 2025] Launched synth_1...
Run output will be captured here: C:/Users/Quillo/OneDrive/banco_de_registros/banco_de_registros.runs/synth_1/runme.log
WARNING: [filemgmt 56-199] Attempt to get parsing info during refresh. "On-the-fly" syntax checking information may be incorrect. [C:\Users\Quillo\OneDrive\banco_de_registros\banco_de_registros.srcs\sources_1\new\multiplexor16x16.v:]
WARNING: [filemgmt 56-199] Attempt to get parsing info during refresh. "On-the-fly" syntax checking information may be incorrect. [C:\Users\Quillo\OneDrive\banco_de_registros\banco_de_registros.srcs\sources_1\new\registro16bits.v:]
WARNING: [filemgmt 56-199] Attempt to get parsing info during refresh. "On-the-fly" syntax checking information may be incorrect. [C:\Users\Quillo\OneDrive\banco_de_registros\banco_de_registros.srcs\sources_1\new\template.v:]
WARNING: [filemgmt 56-199] Attempt to get parsing info during refresh. "On-the-fly" syntax checking information may be incorrect. [C:\Users\Quillo\OneDrive\banco_de_registros\banco_de_registros.srcs\sources_1\new\triestado.v:]
WARNING: [filemgmt 56-199] Attempt to get parsing info during refresh. "On-the-fly" syntax checking information may be incorrect. [C:\Users\Quillo\OneDrive\banco_de_registros\banco_de_registros.srcs\sources_1\new\registro8bits.v:]
WARNING: [filemgmt 56-199] Attempt to get parsing info during refresh. "On-the-fly" syntax checking information may be incorrect. [C:\Users\Quillo\OneDrive\banco_de_registros\banco_de_registros.srcs\sources_1\new\multiplexor2x8.v:]
WARNING: [filemgmt 56-199] Attempt to get parsing info during refresh. "On-the-fly" syntax checking information may be incorrect. [C:\Users\Quillo\OneDrive\banco_de_registros\banco_de_registros.srcs\sources_1\new\registros.v:]
WARNING: [filemgmt 56-199] Attempt to get parsing info during refresh. "On-the-fly" syntax checking information may be incorrect. [C:\Users\Quillo\OneDrive\banco_de_registros\banco_de_registros.srcs\sources_1\new\bancoderegistros.v:]
WARNING: [filemgmt 56-199] Attempt to get parsing info during refresh. "On-the-fly" syntax checking information may be incorrect. [C:\Users\Quillo\OneDrive\banco_de_registros\banco_de_registros.srcs\sources_1\new\registros.v:]
WARNING: [filemgmt 56-199] Attempt to get parsing info during refresh. "On-the-fly" syntax checking information may be incorrect. [C:\Users\Quillo\OneDrive\banco_de_registros\banco_de_registros.srcs\sources_1\new\registros.v:]
WARNING: [filemgmt 56-199] Attempt to get parsing info during refresh. "On-the-fly" syntax checking information may be incorrect. [C:\Users\Quillo\OneDrive\banco_de_registros\banco_de_registros.srcs\sources_1\new\multiplexor16x16.v:]
WARNING: [filemgmt 56-199] Attempt to get parsing info during refresh. "On-the-fly" syntax checking information may be incorrect. [C:\Users\Quillo\OneDrive\banco_de_registros\banco_de_registros.srcs\sources_1\new\registro16bits.v:]
WARNING: [filemgmt 56-199] Attempt to get parsing info during refresh. "On-the-fly" syntax checking information may be incorrect. [C:\Users\Quillo\OneDrive\banco_de_registros\banco_de_registros.srcs\sources_1\new\template.v:]
WARNING: [filemgmt 56-199] Attempt to get parsing info during refresh. "On-the-fly" syntax checking information may be incorrect. [C:\Users\Quillo\OneDrive\banco_de_registros\banco_de_registros.srcs\sources_1\new\triestado.v:]
WARNING: [filemgmt 56-199] Attempt to get parsing info during refresh. "On-the-fly" syntax checking information may be incorrect. [C:\Users\Quillo\OneDrive\banco_de_registros\banco_de_registros.srcs\sources_1\new\registro8bits.v:]
WARNING: [filemgmt 56-199] Attempt to get parsing info during refresh. "On-the-fly" syntax checking information may be incorrect. [C:\Users\Quillo\OneDrive\banco_de_registros\banco_de_registros.srcs\sources_1\new\multiplexor2x8.v:]
WARNING: [filemgmt 56-199] Attempt to get parsing info during refresh. "On-the-fly" syntax checking information may be incorrect. [C:\Users\Quillo\OneDrive\banco_de_registros\banco_de_registros.srcs\sources_1\new\registros.v:]
WARNING: [filemgmt 56-199] Attempt to get parsing info during refresh. "On-the-fly" syntax checking information may be incorrect. [C:\Users\Quillo\OneDrive\banco_de_registros\banco_de_registros.srcs\sources_1\new\bancoderegistros.v:]
WARNING: [filemgmt 56-199] Attempt to get parsing info during refresh. "On-the-fly" syntax checking information may be incorrect. [C:\Users\Quillo\OneDrive\banco_de_registros\banco_de_registros.srcs\sources_1\new\template.v:]
WARNING: [filemgmt 56-199] Attempt to get parsing info during refresh. "On-the-fly" syntax checking information may be incorrect. [C:\Users\Quillo\OneDrive\banco_de_registros\banco_de_registros.srcs\sources_1\new\template.v:]
WARNING: [filemgmt 56-199] Attempt to get parsing info during refresh. "On-the-fly" syntax checking information may be incorrect. [C:\Users\Quillo\OneDrive\banco_de_registros\banco_de_registros.srcs\sources_1\new\multiplexor16x16.v:]
WARNING: [filemgmt 56-199] Attempt to get parsing info during refresh. "On-the-fly" syntax checking information may be incorrect. [C:\Users\Quillo\OneDrive\banco_de_registros\banco_de_registros.srcs\sources_1\new\registro16bits.v:]
WARNING: [filemgmt 56-199] Attempt to get parsing info during refresh. "On-the-fly" syntax checking information may be incorrect. [C:\Users\Quillo\OneDrive\banco_de_registros\banco_de_registros.srcs\sources_1\new\template.v:]
WARNING: [filemgmt 56-199] Attempt to get parsing info during refresh. "On-the-fly" syntax checking information may be incorrect. [C:\Users\Quillo\OneDrive\banco_de_registros\banco_de_registros.srcs\sources_1\new\triestado.v:]
WARNING: [filemgmt 56-199] Attempt to get parsing info during refresh. "On-the-fly" syntax checking information may be incorrect. [C:\Users\Quillo\OneDrive\banco_de_registros\banco_de_registros.srcs\sources_1\new\registro8bits.v:]
WARNING: [filemgmt 56-199] Attempt to get parsing info during refresh. "On-the-fly" syntax checking information may be incorrect. [C:\Users\Quillo\OneDrive\banco_de_registros\banco_de_registros.srcs\sources_1\new\multiplexor2x8.v:]
WARNING: [filemgmt 56-199] Attempt to get parsing info during refresh. "On-the-fly" syntax checking information may be incorrect. [C:\Users\Quillo\OneDrive\banco_de_registros\banco_de_registros.srcs\sources_1\new\registros.v:]
WARNING: [filemgmt 56-199] Attempt to get parsing info during refresh. "On-the-fly" syntax checking information may be incorrect. [C:\Users\Quillo\OneDrive\banco_de_registros\banco_de_registros.srcs\sources_1\new\bancoderegistros.v:]
WARNING: [filemgmt 56-199] Attempt to get parsing info during refresh. "On-the-fly" syntax checking information may be incorrect. [C:\Users\Quillo\OneDrive\banco_de_registros\banco_de_registros.srcs\sources_1\new\registro16bits.v:]
WARNING: [filemgmt 56-199] Attempt to get parsing info during refresh. "On-the-fly" syntax checking information may be incorrect. [C:\Users\Quillo\OneDrive\banco_de_registros\banco_de_registros.srcs\sources_1\new\registro16bits.v:]
WARNING: [filemgmt 56-199] Attempt to get parsing info during refresh. "On-the-fly" syntax checking information may be incorrect. [C:\Users\Quillo\OneDrive\banco_de_registros\banco_de_registros.srcs\sources_1\new\multiplexor16x16.v:]
WARNING: [filemgmt 56-199] Attempt to get parsing info during refresh. "On-the-fly" syntax checking information may be incorrect. [C:\Users\Quillo\OneDrive\banco_de_registros\banco_de_registros.srcs\sources_1\new\registro16bits.v:]
WARNING: [filemgmt 56-199] Attempt to get parsing info during refresh. "On-the-fly" syntax checking information may be incorrect. [C:\Users\Quillo\OneDrive\banco_de_registros\banco_de_registros.srcs\sources_1\new\template.v:]
WARNING: [filemgmt 56-199] Attempt to get parsing info during refresh. "On-the-fly" syntax checking information may be incorrect. [C:\Users\Quillo\OneDrive\banco_de_registros\banco_de_registros.srcs\sources_1\new\triestado.v:]
WARNING: [filemgmt 56-199] Attempt to get parsing info during refresh. "On-the-fly" syntax checking information may be incorrect. [C:\Users\Quillo\OneDrive\banco_de_registros\banco_de_registros.srcs\sources_1\new\registro8bits.v:]
WARNING: [filemgmt 56-199] Attempt to get parsing info during refresh. "On-the-fly" syntax checking information may be incorrect. [C:\Users\Quillo\OneDrive\banco_de_registros\banco_de_registros.srcs\sources_1\new\multiplexor2x8.v:]
WARNING: [filemgmt 56-199] Attempt to get parsing info during refresh. "On-the-fly" syntax checking information may be incorrect. [C:\Users\Quillo\OneDrive\banco_de_registros\banco_de_registros.srcs\sources_1\new\registros.v:]
WARNING: [filemgmt 56-199] Attempt to get parsing info during refresh. "On-the-fly" syntax checking information may be incorrect. [C:\Users\Quillo\OneDrive\banco_de_registros\banco_de_registros.srcs\sources_1\new\bancoderegistros.v:]
WARNING: [filemgmt 56-199] Attempt to get parsing info during refresh. "On-the-fly" syntax checking information may be incorrect. [C:\Users\Quillo\OneDrive\banco_de_registros\banco_de_registros.srcs\sources_1\new\registro8bits.v:]
WARNING: [filemgmt 56-199] Attempt to get parsing info during refresh. "On-the-fly" syntax checking information may be incorrect. [C:\Users\Quillo\OneDrive\banco_de_registros\banco_de_registros.srcs\sources_1\new\registro8bits.v:]
ERROR: [Common 17-180] Spawn failed: No error
WARNING: [filemgmt 56-199] Attempt to get parsing info during refresh. "On-the-fly" syntax checking information may be incorrect. [C:\Users\Quillo\OneDrive\banco_de_registros\banco_de_registros.srcs\sources_1\new\multiplexor16x16.v:]
WARNING: [filemgmt 56-199] Attempt to get parsing info during refresh. "On-the-fly" syntax checking information may be incorrect. [C:\Users\Quillo\OneDrive\banco_de_registros\banco_de_registros.srcs\sources_1\new\registro16bits.v:]
WARNING: [filemgmt 56-199] Attempt to get parsing info during refresh. "On-the-fly" syntax checking information may be incorrect. [C:\Users\Quillo\OneDrive\banco_de_registros\banco_de_registros.srcs\sources_1\new\template.v:]
WARNING: [filemgmt 56-199] Attempt to get parsing info during refresh. "On-the-fly" syntax checking information may be incorrect. [C:\Users\Quillo\OneDrive\banco_de_registros\banco_de_registros.srcs\sources_1\new\triestado.v:]
WARNING: [filemgmt 56-199] Attempt to get parsing info during refresh. "On-the-fly" syntax checking information may be incorrect. [C:\Users\Quillo\OneDrive\banco_de_registros\banco_de_registros.srcs\sources_1\new\registro8bits.v:]
WARNING: [filemgmt 56-199] Attempt to get parsing info during refresh. "On-the-fly" syntax checking information may be incorrect. [C:\Users\Quillo\OneDrive\banco_de_registros\banco_de_registros.srcs\sources_1\new\multiplexor2x8.v:]
WARNING: [filemgmt 56-199] Attempt to get parsing info during refresh. "On-the-fly" syntax checking information may be incorrect. [C:\Users\Quillo\OneDrive\banco_de_registros\banco_de_registros.srcs\sources_1\new\registros.v:]
WARNING: [filemgmt 56-199] Attempt to get parsing info during refresh. "On-the-fly" syntax checking information may be incorrect. [C:\Users\Quillo\OneDrive\banco_de_registros\banco_de_registros.srcs\sources_1\new\bancoderegistros.v:]
WARNING: [filemgmt 56-199] Attempt to get parsing info during refresh. "On-the-fly" syntax checking information may be incorrect. [C:\Users\Quillo\OneDrive\banco_de_registros\banco_de_registros.srcs\sources_1\new\multiplexor2x8.v:]
WARNING: [filemgmt 56-199] Attempt to get parsing info during refresh. "On-the-fly" syntax checking information may be incorrect. [C:\Users\Quillo\OneDrive\banco_de_registros\banco_de_registros.srcs\sources_1\new\multiplexor2x8.v:]
ERROR: [Common 17-180] Spawn failed: No error
WARNING: [filemgmt 56-199] Attempt to get parsing info during refresh. "On-the-fly" syntax checking information may be incorrect. [C:\Users\Quillo\OneDrive\banco_de_registros\banco_de_registros.srcs\sources_1\new\multiplexor16x16.v:]
WARNING: [filemgmt 56-199] Attempt to get parsing info during refresh. "On-the-fly" syntax checking information may be incorrect. [C:\Users\Quillo\OneDrive\banco_de_registros\banco_de_registros.srcs\sources_1\new\registro16bits.v:]
WARNING: [filemgmt 56-199] Attempt to get parsing info during refresh. "On-the-fly" syntax checking information may be incorrect. [C:\Users\Quillo\OneDrive\banco_de_registros\banco_de_registros.srcs\sources_1\new\template.v:]
WARNING: [filemgmt 56-199] Attempt to get parsing info during refresh. "On-the-fly" syntax checking information may be incorrect. [C:\Users\Quillo\OneDrive\banco_de_registros\banco_de_registros.srcs\sources_1\new\triestado.v:]
WARNING: [filemgmt 56-199] Attempt to get parsing info during refresh. "On-the-fly" syntax checking information may be incorrect. [C:\Users\Quillo\OneDrive\banco_de_registros\banco_de_registros.srcs\sources_1\new\registro8bits.v:]
WARNING: [filemgmt 56-199] Attempt to get parsing info during refresh. "On-the-fly" syntax checking information may be incorrect. [C:\Users\Quillo\OneDrive\banco_de_registros\banco_de_registros.srcs\sources_1\new\multiplexor2x8.v:]
WARNING: [filemgmt 56-199] Attempt to get parsing info during refresh. "On-the-fly" syntax checking information may be incorrect. [C:\Users\Quillo\OneDrive\banco_de_registros\banco_de_registros.srcs\sources_1\new\registros.v:]
WARNING: [filemgmt 56-199] Attempt to get parsing info during refresh. "On-the-fly" syntax checking information may be incorrect. [C:\Users\Quillo\OneDrive\banco_de_registros\banco_de_registros.srcs\sources_1\new\bancoderegistros.v:]
ERROR: [Common 17-180] Spawn failed: No error
WARNING: [filemgmt 56-199] Attempt to get parsing info during refresh. "On-the-fly" syntax checking information may be incorrect. [C:\Users\Quillo\OneDrive\banco_de_registros\banco_de_registros.srcs\sources_1\new\bancoderegistros.v:]
WARNING: [filemgmt 56-199] Attempt to get parsing info during refresh. "On-the-fly" syntax checking information may be incorrect. [C:\Users\Quillo\OneDrive\banco_de_registros\banco_de_registros.srcs\sources_1\new\bancoderegistros.v:]
WARNING: [filemgmt 56-199] Attempt to get parsing info during refresh. "On-the-fly" syntax checking information may be incorrect. [C:\Users\Quillo\OneDrive\banco_de_registros\banco_de_registros.srcs\sources_1\new\multiplexor16x16.v:]
WARNING: [filemgmt 56-199] Attempt to get parsing info during refresh. "On-the-fly" syntax checking information may be incorrect. [C:\Users\Quillo\OneDrive\banco_de_registros\banco_de_registros.srcs\sources_1\new\registro16bits.v:]
WARNING: [filemgmt 56-199] Attempt to get parsing info during refresh. "On-the-fly" syntax checking information may be incorrect. [C:\Users\Quillo\OneDrive\banco_de_registros\banco_de_registros.srcs\sources_1\new\template.v:]
WARNING: [filemgmt 56-199] Attempt to get parsing info during refresh. "On-the-fly" syntax checking information may be incorrect. [C:\Users\Quillo\OneDrive\banco_de_registros\banco_de_registros.srcs\sources_1\new\triestado.v:]
WARNING: [filemgmt 56-199] Attempt to get parsing info during refresh. "On-the-fly" syntax checking information may be incorrect. [C:\Users\Quillo\OneDrive\banco_de_registros\banco_de_registros.srcs\sources_1\new\registro8bits.v:]
WARNING: [filemgmt 56-199] Attempt to get parsing info during refresh. "On-the-fly" syntax checking information may be incorrect. [C:\Users\Quillo\OneDrive\banco_de_registros\banco_de_registros.srcs\sources_1\new\multiplexor2x8.v:]
WARNING: [filemgmt 56-199] Attempt to get parsing info during refresh. "On-the-fly" syntax checking information may be incorrect. [C:\Users\Quillo\OneDrive\banco_de_registros\banco_de_registros.srcs\sources_1\new\registros.v:]
WARNING: [filemgmt 56-199] Attempt to get parsing info during refresh. "On-the-fly" syntax checking information may be incorrect. [C:\Users\Quillo\OneDrive\banco_de_registros\banco_de_registros.srcs\sources_1\new\bancoderegistros.v:]
WARNING: [filemgmt 56-199] Attempt to get parsing info during refresh. "On-the-fly" syntax checking information may be incorrect. [C:\Users\Quillo\OneDrive\banco_de_registros\banco_de_registros.srcs\sources_1\new\triestado.v:]
WARNING: [filemgmt 56-199] Attempt to get parsing info during refresh. "On-the-fly" syntax checking information may be incorrect. [C:\Users\Quillo\OneDrive\banco_de_registros\banco_de_registros.srcs\sources_1\new\triestado.v:]
ERROR: [Common 17-180] Spawn failed: No error
reset_run synth_1
WARNING: [Vivado 12-1017] Problems encountered:
1. Failed to delete one or more files in run directory C:/Users/Quillo/OneDrive/banco_de_registros/banco_de_registros.runs/synth_1

launch_runs synth_1 -jobs 8
WARNING: [Vivado 12-7122] Auto Incremental Compile:: No reference checkpoint was found in run synth_1. Auto-incremental flow will not be run, the standard flow will be run instead.
[Wed Apr  2 15:18:22 2025] Launched synth_1...
Run output will be captured here: C:/Users/Quillo/OneDrive/banco_de_registros/banco_de_registros.runs/synth_1/runme.log
launch_runs impl_1 -jobs 8
[Wed Apr  2 15:19:42 2025] Launched impl_1...
Run output will be captured here: C:/Users/Quillo/OneDrive/banco_de_registros/banco_de_registros.runs/impl_1/runme.log
reset_run impl_1
WARNING: [filemgmt 56-199] Attempt to get parsing info during refresh. "On-the-fly" syntax checking information may be incorrect. [C:\Users\Quillo\OneDrive\banco_de_registros\banco_de_registros.srcs\sources_1\new\multiplexor16x16.v:]
WARNING: [filemgmt 56-199] Attempt to get parsing info during refresh. "On-the-fly" syntax checking information may be incorrect. [C:\Users\Quillo\OneDrive\banco_de_registros\banco_de_registros.srcs\sources_1\new\registro16bits.v:]
WARNING: [filemgmt 56-199] Attempt to get parsing info during refresh. "On-the-fly" syntax checking information may be incorrect. [C:\Users\Quillo\OneDrive\banco_de_registros\banco_de_registros.srcs\sources_1\new\template.v:]
WARNING: [filemgmt 56-199] Attempt to get parsing info during refresh. "On-the-fly" syntax checking information may be incorrect. [C:\Users\Quillo\OneDrive\banco_de_registros\banco_de_registros.srcs\sources_1\new\triestado.v:]
WARNING: [filemgmt 56-199] Attempt to get parsing info during refresh. "On-the-fly" syntax checking information may be incorrect. [C:\Users\Quillo\OneDrive\banco_de_registros\banco_de_registros.srcs\sources_1\new\registro8bits.v:]
WARNING: [filemgmt 56-199] Attempt to get parsing info during refresh. "On-the-fly" syntax checking information may be incorrect. [C:\Users\Quillo\OneDrive\banco_de_registros\banco_de_registros.srcs\sources_1\new\multiplexor2x8.v:]
WARNING: [filemgmt 56-199] Attempt to get parsing info during refresh. "On-the-fly" syntax checking information may be incorrect. [C:\Users\Quillo\OneDrive\banco_de_registros\banco_de_registros.srcs\sources_1\new\registros.v:]
WARNING: [filemgmt 56-199] Attempt to get parsing info during refresh. "On-the-fly" syntax checking information may be incorrect. [C:\Users\Quillo\OneDrive\banco_de_registros\banco_de_registros.srcs\sources_1\new\bancoderegistros.v:]
WARNING: [filemgmt 56-199] Attempt to get parsing info during refresh. "On-the-fly" syntax checking information may be incorrect. [C:\Users\Quillo\OneDrive\banco_de_registros\banco_de_registros.srcs\sources_1\new\registros.v:]
WARNING: [filemgmt 56-199] Attempt to get parsing info during refresh. "On-the-fly" syntax checking information may be incorrect. [C:\Users\Quillo\OneDrive\banco_de_registros\banco_de_registros.srcs\sources_1\new\registros.v:]
WARNING: [filemgmt 56-199] Attempt to get parsing info during refresh. "On-the-fly" syntax checking information may be incorrect. [C:\Users\Quillo\OneDrive\banco_de_registros\banco_de_registros.srcs\sources_1\new\multiplexor16x16.v:]
WARNING: [filemgmt 56-199] Attempt to get parsing info during refresh. "On-the-fly" syntax checking information may be incorrect. [C:\Users\Quillo\OneDrive\banco_de_registros\banco_de_registros.srcs\sources_1\new\registro16bits.v:]
WARNING: [filemgmt 56-199] Attempt to get parsing info during refresh. "On-the-fly" syntax checking information may be incorrect. [C:\Users\Quillo\OneDrive\banco_de_registros\banco_de_registros.srcs\sources_1\new\template.v:]
WARNING: [filemgmt 56-199] Attempt to get parsing info during refresh. "On-the-fly" syntax checking information may be incorrect. [C:\Users\Quillo\OneDrive\banco_de_registros\banco_de_registros.srcs\sources_1\new\triestado.v:]
WARNING: [filemgmt 56-199] Attempt to get parsing info during refresh. "On-the-fly" syntax checking information may be incorrect. [C:\Users\Quillo\OneDrive\banco_de_registros\banco_de_registros.srcs\sources_1\new\registro8bits.v:]
WARNING: [filemgmt 56-199] Attempt to get parsing info during refresh. "On-the-fly" syntax checking information may be incorrect. [C:\Users\Quillo\OneDrive\banco_de_registros\banco_de_registros.srcs\sources_1\new\multiplexor2x8.v:]
WARNING: [filemgmt 56-199] Attempt to get parsing info during refresh. "On-the-fly" syntax checking information may be incorrect. [C:\Users\Quillo\OneDrive\banco_de_registros\banco_de_registros.srcs\sources_1\new\registros.v:]
WARNING: [filemgmt 56-199] Attempt to get parsing info during refresh. "On-the-fly" syntax checking information may be incorrect. [C:\Users\Quillo\OneDrive\banco_de_registros\banco_de_registros.srcs\sources_1\new\bancoderegistros.v:]
WARNING: [filemgmt 56-199] Attempt to get parsing info during refresh. "On-the-fly" syntax checking information may be incorrect. [C:\Users\Quillo\OneDrive\banco_de_registros\banco_de_registros.srcs\sources_1\new\multiplexor2x8.v:]
WARNING: [filemgmt 56-199] Attempt to get parsing info during refresh. "On-the-fly" syntax checking information may be incorrect. [C:\Users\Quillo\OneDrive\banco_de_registros\banco_de_registros.srcs\sources_1\new\multiplexor2x8.v:]
WARNING: [filemgmt 56-199] Attempt to get parsing info during refresh. "On-the-fly" syntax checking information may be incorrect. [C:\Users\Quillo\OneDrive\banco_de_registros\banco_de_registros.srcs\sources_1\new\multiplexor16x16.v:]
WARNING: [filemgmt 56-199] Attempt to get parsing info during refresh. "On-the-fly" syntax checking information may be incorrect. [C:\Users\Quillo\OneDrive\banco_de_registros\banco_de_registros.srcs\sources_1\new\registro16bits.v:]
WARNING: [filemgmt 56-199] Attempt to get parsing info during refresh. "On-the-fly" syntax checking information may be incorrect. [C:\Users\Quillo\OneDrive\banco_de_registros\banco_de_registros.srcs\sources_1\new\template.v:]
WARNING: [filemgmt 56-199] Attempt to get parsing info during refresh. "On-the-fly" syntax checking information may be incorrect. [C:\Users\Quillo\OneDrive\banco_de_registros\banco_de_registros.srcs\sources_1\new\triestado.v:]
WARNING: [filemgmt 56-199] Attempt to get parsing info during refresh. "On-the-fly" syntax checking information may be incorrect. [C:\Users\Quillo\OneDrive\banco_de_registros\banco_de_registros.srcs\sources_1\new\registro8bits.v:]
WARNING: [filemgmt 56-199] Attempt to get parsing info during refresh. "On-the-fly" syntax checking information may be incorrect. [C:\Users\Quillo\OneDrive\banco_de_registros\banco_de_registros.srcs\sources_1\new\multiplexor2x8.v:]
WARNING: [filemgmt 56-199] Attempt to get parsing info during refresh. "On-the-fly" syntax checking information may be incorrect. [C:\Users\Quillo\OneDrive\banco_de_registros\banco_de_registros.srcs\sources_1\new\registros.v:]
WARNING: [filemgmt 56-199] Attempt to get parsing info during refresh. "On-the-fly" syntax checking information may be incorrect. [C:\Users\Quillo\OneDrive\banco_de_registros\banco_de_registros.srcs\sources_1\new\bancoderegistros.v:]
WARNING: [filemgmt 56-199] Attempt to get parsing info during refresh. "On-the-fly" syntax checking information may be incorrect. [C:\Users\Quillo\OneDrive\banco_de_registros\banco_de_registros.srcs\sources_1\new\triestado.v:]
WARNING: [filemgmt 56-199] Attempt to get parsing info during refresh. "On-the-fly" syntax checking information may be incorrect. [C:\Users\Quillo\OneDrive\banco_de_registros\banco_de_registros.srcs\sources_1\new\triestado.v:]
WARNING: [filemgmt 56-199] Attempt to get parsing info during refresh. "On-the-fly" syntax checking information may be incorrect. [C:\Users\Quillo\OneDrive\banco_de_registros\banco_de_registros.srcs\sources_1\new\multiplexor16x16.v:]
WARNING: [filemgmt 56-199] Attempt to get parsing info during refresh. "On-the-fly" syntax checking information may be incorrect. [C:\Users\Quillo\OneDrive\banco_de_registros\banco_de_registros.srcs\sources_1\new\registro16bits.v:]
WARNING: [filemgmt 56-199] Attempt to get parsing info during refresh. "On-the-fly" syntax checking information may be incorrect. [C:\Users\Quillo\OneDrive\banco_de_registros\banco_de_registros.srcs\sources_1\new\template.v:]
WARNING: [filemgmt 56-199] Attempt to get parsing info during refresh. "On-the-fly" syntax checking information may be incorrect. [C:\Users\Quillo\OneDrive\banco_de_registros\banco_de_registros.srcs\sources_1\new\triestado.v:]
WARNING: [filemgmt 56-199] Attempt to get parsing info during refresh. "On-the-fly" syntax checking information may be incorrect. [C:\Users\Quillo\OneDrive\banco_de_registros\banco_de_registros.srcs\sources_1\new\registro8bits.v:]
WARNING: [filemgmt 56-199] Attempt to get parsing info during refresh. "On-the-fly" syntax checking information may be incorrect. [C:\Users\Quillo\OneDrive\banco_de_registros\banco_de_registros.srcs\sources_1\new\multiplexor2x8.v:]
WARNING: [filemgmt 56-199] Attempt to get parsing info during refresh. "On-the-fly" syntax checking information may be incorrect. [C:\Users\Quillo\OneDrive\banco_de_registros\banco_de_registros.srcs\sources_1\new\registros.v:]
WARNING: [filemgmt 56-199] Attempt to get parsing info during refresh. "On-the-fly" syntax checking information may be incorrect. [C:\Users\Quillo\OneDrive\banco_de_registros\banco_de_registros.srcs\sources_1\new\bancoderegistros.v:]
WARNING: [filemgmt 56-199] Attempt to get parsing info during refresh. "On-the-fly" syntax checking information may be incorrect. [C:\Users\Quillo\OneDrive\banco_de_registros\banco_de_registros.srcs\sources_1\new\registro8bits.v:]
WARNING: [filemgmt 56-199] Attempt to get parsing info during refresh. "On-the-fly" syntax checking information may be incorrect. [C:\Users\Quillo\OneDrive\banco_de_registros\banco_de_registros.srcs\sources_1\new\registro8bits.v:]
WARNING: [filemgmt 56-199] Attempt to get parsing info during refresh. "On-the-fly" syntax checking information may be incorrect. [C:\Users\Quillo\OneDrive\banco_de_registros\banco_de_registros.srcs\sources_1\new\multiplexor16x16.v:]
WARNING: [filemgmt 56-199] Attempt to get parsing info during refresh. "On-the-fly" syntax checking information may be incorrect. [C:\Users\Quillo\OneDrive\banco_de_registros\banco_de_registros.srcs\sources_1\new\registro16bits.v:]
WARNING: [filemgmt 56-199] Attempt to get parsing info during refresh. "On-the-fly" syntax checking information may be incorrect. [C:\Users\Quillo\OneDrive\banco_de_registros\banco_de_registros.srcs\sources_1\new\template.v:]
WARNING: [filemgmt 56-199] Attempt to get parsing info during refresh. "On-the-fly" syntax checking information may be incorrect. [C:\Users\Quillo\OneDrive\banco_de_registros\banco_de_registros.srcs\sources_1\new\triestado.v:]
WARNING: [filemgmt 56-199] Attempt to get parsing info during refresh. "On-the-fly" syntax checking information may be incorrect. [C:\Users\Quillo\OneDrive\banco_de_registros\banco_de_registros.srcs\sources_1\new\registro8bits.v:]
WARNING: [filemgmt 56-199] Attempt to get parsing info during refresh. "On-the-fly" syntax checking information may be incorrect. [C:\Users\Quillo\OneDrive\banco_de_registros\banco_de_registros.srcs\sources_1\new\multiplexor2x8.v:]
WARNING: [filemgmt 56-199] Attempt to get parsing info during refresh. "On-the-fly" syntax checking information may be incorrect. [C:\Users\Quillo\OneDrive\banco_de_registros\banco_de_registros.srcs\sources_1\new\registros.v:]
WARNING: [filemgmt 56-199] Attempt to get parsing info during refresh. "On-the-fly" syntax checking information may be incorrect. [C:\Users\Quillo\OneDrive\banco_de_registros\banco_de_registros.srcs\sources_1\new\bancoderegistros.v:]
WARNING: [filemgmt 56-199] Attempt to get parsing info during refresh. "On-the-fly" syntax checking information may be incorrect. [C:\Users\Quillo\OneDrive\banco_de_registros\banco_de_registros.srcs\sources_1\new\multiplexor16x16.v:]
WARNING: [filemgmt 56-199] Attempt to get parsing info during refresh. "On-the-fly" syntax checking information may be incorrect. [C:\Users\Quillo\OneDrive\banco_de_registros\banco_de_registros.srcs\sources_1\new\multiplexor16x16.v:]
WARNING: [filemgmt 56-199] Attempt to get parsing info during refresh. "On-the-fly" syntax checking information may be incorrect. [C:\Users\Quillo\OneDrive\banco_de_registros\banco_de_registros.srcs\sources_1\new\multiplexor16x16.v:]
WARNING: [filemgmt 56-199] Attempt to get parsing info during refresh. "On-the-fly" syntax checking information may be incorrect. [C:\Users\Quillo\OneDrive\banco_de_registros\banco_de_registros.srcs\sources_1\new\registro16bits.v:]
WARNING: [filemgmt 56-199] Attempt to get parsing info during refresh. "On-the-fly" syntax checking information may be incorrect. [C:\Users\Quillo\OneDrive\banco_de_registros\banco_de_registros.srcs\sources_1\new\template.v:]
WARNING: [filemgmt 56-199] Attempt to get parsing info during refresh. "On-the-fly" syntax checking information may be incorrect. [C:\Users\Quillo\OneDrive\banco_de_registros\banco_de_registros.srcs\sources_1\new\triestado.v:]
WARNING: [filemgmt 56-199] Attempt to get parsing info during refresh. "On-the-fly" syntax checking information may be incorrect. [C:\Users\Quillo\OneDrive\banco_de_registros\banco_de_registros.srcs\sources_1\new\registro8bits.v:]
WARNING: [filemgmt 56-199] Attempt to get parsing info during refresh. "On-the-fly" syntax checking information may be incorrect. [C:\Users\Quillo\OneDrive\banco_de_registros\banco_de_registros.srcs\sources_1\new\multiplexor2x8.v:]
WARNING: [filemgmt 56-199] Attempt to get parsing info during refresh. "On-the-fly" syntax checking information may be incorrect. [C:\Users\Quillo\OneDrive\banco_de_registros\banco_de_registros.srcs\sources_1\new\registros.v:]
WARNING: [filemgmt 56-199] Attempt to get parsing info during refresh. "On-the-fly" syntax checking information may be incorrect. [C:\Users\Quillo\OneDrive\banco_de_registros\banco_de_registros.srcs\sources_1\new\bancoderegistros.v:]
WARNING: [filemgmt 56-199] Attempt to get parsing info during refresh. "On-the-fly" syntax checking information may be incorrect. [C:\Users\Quillo\OneDrive\banco_de_registros\banco_de_registros.srcs\sources_1\new\bancoderegistros.v:]
WARNING: [filemgmt 56-199] Attempt to get parsing info during refresh. "On-the-fly" syntax checking information may be incorrect. [C:\Users\Quillo\OneDrive\banco_de_registros\banco_de_registros.srcs\sources_1\new\bancoderegistros.v:]
WARNING: [filemgmt 56-199] Attempt to get parsing info during refresh. "On-the-fly" syntax checking information may be incorrect. [C:\Users\Quillo\OneDrive\banco_de_registros\banco_de_registros.srcs\sources_1\new\multiplexor16x16.v:]
WARNING: [filemgmt 56-199] Attempt to get parsing info during refresh. "On-the-fly" syntax checking information may be incorrect. [C:\Users\Quillo\OneDrive\banco_de_registros\banco_de_registros.srcs\sources_1\new\registro16bits.v:]
WARNING: [filemgmt 56-199] Attempt to get parsing info during refresh. "On-the-fly" syntax checking information may be incorrect. [C:\Users\Quillo\OneDrive\banco_de_registros\banco_de_registros.srcs\sources_1\new\template.v:]
WARNING: [filemgmt 56-199] Attempt to get parsing info during refresh. "On-the-fly" syntax checking information may be incorrect. [C:\Users\Quillo\OneDrive\banco_de_registros\banco_de_registros.srcs\sources_1\new\triestado.v:]
WARNING: [filemgmt 56-199] Attempt to get parsing info during refresh. "On-the-fly" syntax checking information may be incorrect. [C:\Users\Quillo\OneDrive\banco_de_registros\banco_de_registros.srcs\sources_1\new\registro8bits.v:]
WARNING: [filemgmt 56-199] Attempt to get parsing info during refresh. "On-the-fly" syntax checking information may be incorrect. [C:\Users\Quillo\OneDrive\banco_de_registros\banco_de_registros.srcs\sources_1\new\multiplexor2x8.v:]
WARNING: [filemgmt 56-199] Attempt to get parsing info during refresh. "On-the-fly" syntax checking information may be incorrect. [C:\Users\Quillo\OneDrive\banco_de_registros\banco_de_registros.srcs\sources_1\new\registros.v:]
WARNING: [filemgmt 56-199] Attempt to get parsing info during refresh. "On-the-fly" syntax checking information may be incorrect. [C:\Users\Quillo\OneDrive\banco_de_registros\banco_de_registros.srcs\sources_1\new\bancoderegistros.v:]
WARNING: [filemgmt 56-199] Attempt to get parsing info during refresh. "On-the-fly" syntax checking information may be incorrect. [C:\Users\Quillo\OneDrive\banco_de_registros\banco_de_registros.srcs\sources_1\new\template.v:]
WARNING: [filemgmt 56-199] Attempt to get parsing info during refresh. "On-the-fly" syntax checking information may be incorrect. [C:\Users\Quillo\OneDrive\banco_de_registros\banco_de_registros.srcs\sources_1\new\template.v:]
ERROR: [Common 17-180] Spawn failed: No error
exit
INFO: [Common 17-206] Exiting Vivado at Wed Apr  2 15:35:18 2025...
