#-----------------------------------------------------------
# Vivado v2024.2 (64-bit)
# SW Build 5239630 on Fri Nov 08 22:35:27 MST 2024
# IP Build 5239520 on Sun Nov 10 16:12:51 MST 2024
# SharedData Build 5239561 on Fri Nov 08 14:39:27 MST 2024
# Start of session at: Wed Apr  9 20:42:03 2025
# Process ID         : 9676
# Current directory  : C:/Vivado/banco_de_registros
# Command line       : vivado.exe -gui_launcher_event rodinguilauncherevent10720 C:\Vivado\banco_de_registros\banco_de_registros.xpr
# Log file           : C:/Vivado/banco_de_registros/vivado.log
# Journal file       : C:/Vivado/banco_de_registros\vivado.jou
# Running On         : Quillo-Thinkpad
# Platform           : Windows Server 2016 or Windows 10
# Operating System   : 19045
# Processor Detail   : Intel(R) Core(TM) i7-8550U CPU @ 1.80GHz
# CPU Frequency      : 1992 MHz
# CPU Physical cores : 4
# CPU Logical cores  : 8
# Host memory        : 8438 MB
# Swap memory        : 4394 MB
# Total Virtual      : 12832 MB
# Available Virtual  : 2646 MB
#-----------------------------------------------------------
start_gui
open_project C:/Vivado/banco_de_registros/banco_de_registros.xpr
INFO: [filemgmt 56-3] Default IP Output Path : Could not find the directory 'C:/Vivado/banco_de_registros/banco_de_registros.gen/sources_1'.
Scanning sources...
Finished scanning sources
WARNING: [Project 1-509] GeneratedRun file for 'synth_1' not found
WARNING: [Project 1-509] GeneratedRun file for 'impl_1' not found
INFO: [IP_Flow 19-234] Refreshing IP repositories
INFO: [IP_Flow 19-1704] No user IP repositories specified
INFO: [IP_Flow 19-2313] Loaded Vivado IP repository 'C:/Xilinx/Vivado/2024.2/data/ip'.
open_project: Time (s): cpu = 00:00:20 ; elapsed = 00:00:07 . Memory (MB): peak = 1106.918 ; gain = 61.582
update_compile_order -fileset sources_1
move_files [get_files  C:/Vivado/banco_de_registros/banco_de_registros.srcs/sim_1/new/bancoderegistros_scoreboard.sv]
move_files [get_files  C:/Vivado/banco_de_registros/banco_de_registros.srcs/sim_1/new/bancoderegistros_coverage.sv]
update_compile_order -fileset sources_1
export_ip_user_files -of_objects  [get_files C:/Vivado/banco_de_registros/banco_de_registros.srcs/sim_1/new/bancoderegistros_coverage.sv] -no_script -reset -force -quiet
remove_files  C:/Vivado/banco_de_registros/banco_de_registros.srcs/sim_1/new/bancoderegistros_coverage.sv
file delete -force C:/Vivado/banco_de_registros/banco_de_registros.srcs/sim_1/new/bancoderegistros_coverage.sv
export_ip_user_files -of_objects  [get_files C:/Vivado/banco_de_registros/banco_de_registros.srcs/sim_1/new/bancoderegistros_scoreboard.sv] -no_script -reset -force -quiet
remove_files  C:/Vivado/banco_de_registros/banco_de_registros.srcs/sim_1/new/bancoderegistros_scoreboard.sv
file delete -force C:/Vivado/banco_de_registros/banco_de_registros.srcs/sim_1/new/bancoderegistros_scoreboard.sv
WARNING: [filemgmt 56-199] Attempt to get parsing info during refresh. "On-the-fly" syntax checking information may be incorrect. [C:\Vivado\banco_de_registros\banco_de_registros.srcs\sim_1\imports\new\bancoderegistros1_tb.sv:]
WARNING: [filemgmt 56-199] Attempt to get parsing info during refresh. "On-the-fly" syntax checking information may be incorrect. [C:\Vivado\banco_de_registros\banco_de_registros.srcs\sources_1\new\bancoderegistros.v:]
WARNING: [filemgmt 56-199] Attempt to get parsing info during refresh. "On-the-fly" syntax checking information may be incorrect. [C:\Vivado\banco_de_registros\banco_de_registros.srcs\sources_1\new\bancoderegistros.v:]
WARNING: [filemgmt 56-199] Attempt to get parsing info during refresh. "On-the-fly" syntax checking information may be incorrect. [C:\Vivado\banco_de_registros\banco_de_registros.srcs\sources_1\new\bancoderegistros.v:]
ERROR: [Common 17-180] Spawn failed: No error
set_property SOURCE_SET sources_1 [get_filesets sim_1]
close [ open C:/Vivado/banco_de_registros/banco_de_registros.srcs/sim_1/new/bancoderegistros_scoreboard.sv w ]
add_files -fileset sim_1 C:/Vivado/banco_de_registros/banco_de_registros.srcs/sim_1/new/bancoderegistros_scoreboard.sv
close [ open C:/Vivado/banco_de_registros/banco_de_registros.srcs/sim_1/new/bancoderegistros_coverage.sv w ]
add_files -fileset sim_1 C:/Vivado/banco_de_registros/banco_de_registros.srcs/sim_1/new/bancoderegistros_coverage.sv
WARNING: [filemgmt 56-199] Attempt to get parsing info during refresh. "On-the-fly" syntax checking information may be incorrect. [C:\Vivado\banco_de_registros\banco_de_registros.srcs\sim_1\imports\new\bancoderegistros1_tb.sv:]
WARNING: [filemgmt 56-199] Attempt to get parsing info during refresh. "On-the-fly" syntax checking information may be incorrect. [C:\Vivado\banco_de_registros\banco_de_registros.srcs\sources_1\new\bancoderegistros.v:]
WARNING: [filemgmt 56-199] Attempt to get parsing info during refresh. "On-the-fly" syntax checking information may be incorrect. [C:\Vivado\banco_de_registros\banco_de_registros.srcs\sources_1\new\bancoderegistros.v:]
WARNING: [filemgmt 56-199] Attempt to get parsing info during refresh. "On-the-fly" syntax checking information may be incorrect. [C:\Vivado\banco_de_registros\banco_de_registros.srcs\sources_1\new\bancoderegistros.v:]
ERROR: [Common 17-180] Spawn failed: No error
WARNING: [filemgmt 56-199] Attempt to get parsing info during refresh. "On-the-fly" syntax checking information may be incorrect. [C:\Vivado\banco_de_registros\banco_de_registros.srcs\sim_1\imports\new\bancoderegistros1_tb.sv:]
WARNING: [filemgmt 56-199] Attempt to get parsing info during refresh. "On-the-fly" syntax checking information may be incorrect. [C:\Vivado\banco_de_registros\banco_de_registros.srcs\sources_1\new\bancoderegistros.v:]
WARNING: [filemgmt 56-199] Attempt to get parsing info during refresh. "On-the-fly" syntax checking information may be incorrect. [C:\Vivado\banco_de_registros\banco_de_registros.srcs\sources_1\new\bancoderegistros.v:]
WARNING: [filemgmt 56-199] Attempt to get parsing info during refresh. "On-the-fly" syntax checking information may be incorrect. [C:\Vivado\banco_de_registros\banco_de_registros.srcs\sources_1\new\bancoderegistros.v:]
ERROR: [Common 17-180] Spawn failed: No error
update_compile_order -fileset sim_1
WARNING: [filemgmt 56-199] Attempt to get parsing info during refresh. "On-the-fly" syntax checking information may be incorrect. [C:\Vivado\banco_de_registros\banco_de_registros.srcs\sim_1\imports\new\bancoderegistros1_tb.sv:]
WARNING: [filemgmt 56-199] Attempt to get parsing info during refresh. "On-the-fly" syntax checking information may be incorrect. [C:\Vivado\banco_de_registros\banco_de_registros.srcs\sources_1\new\bancoderegistros.v:]
WARNING: [filemgmt 56-199] Attempt to get parsing info during refresh. "On-the-fly" syntax checking information may be incorrect. [C:\Vivado\banco_de_registros\banco_de_registros.srcs\sources_1\new\bancoderegistros.v:]
WARNING: [filemgmt 56-199] Attempt to get parsing info during refresh. "On-the-fly" syntax checking information may be incorrect. [C:\Vivado\banco_de_registros\banco_de_registros.srcs\sources_1\new\bancoderegistros.v:]
ERROR: [Common 17-180] Spawn failed: No error
WARNING: [filemgmt 56-199] Attempt to get parsing info during refresh. "On-the-fly" syntax checking information may be incorrect. [C:\Vivado\banco_de_registros\banco_de_registros.srcs\sim_1\new\bancoderegistros_coverage.sv:]
WARNING: [filemgmt 56-199] Attempt to get parsing info during refresh. "On-the-fly" syntax checking information may be incorrect. [C:\Vivado\banco_de_registros\banco_de_registros.srcs\sim_1\imports\new\bancoderegistros1_tb.sv:]
WARNING: [filemgmt 56-199] Attempt to get parsing info during refresh. "On-the-fly" syntax checking information may be incorrect. [C:\Vivado\banco_de_registros\banco_de_registros.srcs\sources_1\new\bancoderegistros.v:]
WARNING: [filemgmt 56-199] Attempt to get parsing info during refresh. "On-the-fly" syntax checking information may be incorrect. [C:\Vivado\banco_de_registros\banco_de_registros.srcs\sources_1\new\bancoderegistros.v:]
WARNING: [filemgmt 56-199] Attempt to get parsing info during refresh. "On-the-fly" syntax checking information may be incorrect. [C:\Vivado\banco_de_registros\banco_de_registros.srcs\sources_1\new\bancoderegistros.v:]
WARNING: [filemgmt 56-199] Attempt to get parsing info during refresh. "On-the-fly" syntax checking information may be incorrect. [C:\Vivado\banco_de_registros\banco_de_registros.srcs\sim_1\new\bancoderegistros_coverage.sv:]
WARNING: [filemgmt 56-199] Attempt to get parsing info during refresh. "On-the-fly" syntax checking information may be incorrect. [C:\Vivado\banco_de_registros\banco_de_registros.srcs\sim_1\imports\new\bancoderegistros1_tb.sv:]
WARNING: [filemgmt 56-199] Attempt to get parsing info during refresh. "On-the-fly" syntax checking information may be incorrect. [C:\Vivado\banco_de_registros\banco_de_registros.srcs\sources_1\new\bancoderegistros.v:]
WARNING: [filemgmt 56-199] Attempt to get parsing info during refresh. "On-the-fly" syntax checking information may be incorrect. [C:\Vivado\banco_de_registros\banco_de_registros.srcs\sim_1\new\bancoderegistros_coverage.sv:]
WARNING: [filemgmt 56-199] Attempt to get parsing info during refresh. "On-the-fly" syntax checking information may be incorrect. [C:\Vivado\banco_de_registros\banco_de_registros.srcs\sim_1\new\bancoderegistros_coverage.sv:]
update_compile_order -fileset sim_1
WARNING: [filemgmt 56-199] Attempt to get parsing info during refresh. "On-the-fly" syntax checking information may be incorrect. [C:\Vivado\banco_de_registros\banco_de_registros.srcs\sim_1\new\bancoderegistros_coverage.sv:]
WARNING: [filemgmt 56-199] Attempt to get parsing info during refresh. "On-the-fly" syntax checking information may be incorrect. [C:\Vivado\banco_de_registros\banco_de_registros.srcs\sim_1\imports\new\bancoderegistros1_tb.sv:]
WARNING: [filemgmt 56-199] Attempt to get parsing info during refresh. "On-the-fly" syntax checking information may be incorrect. [C:\Vivado\banco_de_registros\banco_de_registros.srcs\sources_1\new\bancoderegistros.v:]
WARNING: [filemgmt 56-199] Attempt to get parsing info during refresh. "On-the-fly" syntax checking information may be incorrect. [C:\Vivado\banco_de_registros\banco_de_registros.srcs\sources_1\new\bancoderegistros.v:]
WARNING: [filemgmt 56-199] Attempt to get parsing info during refresh. "On-the-fly" syntax checking information may be incorrect. [C:\Vivado\banco_de_registros\banco_de_registros.srcs\sources_1\new\bancoderegistros.v:]
WARNING: [filemgmt 56-199] Attempt to get parsing info during refresh. "On-the-fly" syntax checking information may be incorrect. [C:\Vivado\banco_de_registros\banco_de_registros.srcs\sim_1\new\bancoderegistros_coverage.sv:]
WARNING: [filemgmt 56-199] Attempt to get parsing info during refresh. "On-the-fly" syntax checking information may be incorrect. [C:\Vivado\banco_de_registros\banco_de_registros.srcs\sim_1\imports\new\bancoderegistros1_tb.sv:]
WARNING: [filemgmt 56-199] Attempt to get parsing info during refresh. "On-the-fly" syntax checking information may be incorrect. [C:\Vivado\banco_de_registros\banco_de_registros.srcs\sources_1\new\bancoderegistros.v:]
WARNING: [filemgmt 56-199] Attempt to get parsing info during refresh. "On-the-fly" syntax checking information may be incorrect. [C:\Vivado\banco_de_registros\banco_de_registros.srcs\sim_1\imports\new\bancoderegistros1_tb.sv:]
WARNING: [filemgmt 56-199] Attempt to get parsing info during refresh. "On-the-fly" syntax checking information may be incorrect. [C:\Vivado\banco_de_registros\banco_de_registros.srcs\sim_1\imports\new\bancoderegistros1_tb.sv:]
WARNING: [filemgmt 56-199] Attempt to get parsing info during refresh. "On-the-fly" syntax checking information may be incorrect. [C:\Vivado\banco_de_registros\banco_de_registros.srcs\sim_1\new\bancoderegistros_coverage.sv:]
WARNING: [filemgmt 56-199] Attempt to get parsing info during refresh. "On-the-fly" syntax checking information may be incorrect. [C:\Vivado\banco_de_registros\banco_de_registros.srcs\sim_1\imports\new\bancoderegistros1_tb.sv:]
WARNING: [filemgmt 56-199] Attempt to get parsing info during refresh. "On-the-fly" syntax checking information may be incorrect. [C:\Vivado\banco_de_registros\banco_de_registros.srcs\sim_1\new\bancoderegistros_scoreboard.sv:]
WARNING: [filemgmt 56-199] Attempt to get parsing info during refresh. "On-the-fly" syntax checking information may be incorrect. [C:\Vivado\banco_de_registros\banco_de_registros.srcs\sources_1\new\bancoderegistros.v:]
WARNING: [filemgmt 56-199] Attempt to get parsing info during refresh. "On-the-fly" syntax checking information may be incorrect. [C:\Vivado\banco_de_registros\banco_de_registros.srcs\sources_1\new\bancoderegistros.v:]
WARNING: [filemgmt 56-199] Attempt to get parsing info during refresh. "On-the-fly" syntax checking information may be incorrect. [C:\Vivado\banco_de_registros\banco_de_registros.srcs\sources_1\new\bancoderegistros.v:]
WARNING: [filemgmt 56-199] Attempt to get parsing info during refresh. "On-the-fly" syntax checking information may be incorrect. [C:\Vivado\banco_de_registros\banco_de_registros.srcs\sim_1\new\bancoderegistros_coverage.sv:]
WARNING: [filemgmt 56-199] Attempt to get parsing info during refresh. "On-the-fly" syntax checking information may be incorrect. [C:\Vivado\banco_de_registros\banco_de_registros.srcs\sim_1\imports\new\bancoderegistros1_tb.sv:]
WARNING: [filemgmt 56-199] Attempt to get parsing info during refresh. "On-the-fly" syntax checking information may be incorrect. [C:\Vivado\banco_de_registros\banco_de_registros.srcs\sim_1\new\bancoderegistros_scoreboard.sv:]
WARNING: [filemgmt 56-199] Attempt to get parsing info during refresh. "On-the-fly" syntax checking information may be incorrect. [C:\Vivado\banco_de_registros\banco_de_registros.srcs\sources_1\new\bancoderegistros.v:]
WARNING: [filemgmt 56-199] Attempt to get parsing info during refresh. "On-the-fly" syntax checking information may be incorrect. [C:\Vivado\banco_de_registros\banco_de_registros.srcs\sim_1\new\bancoderegistros_scoreboard.sv:]
WARNING: [filemgmt 56-199] Attempt to get parsing info during refresh. "On-the-fly" syntax checking information may be incorrect. [C:\Vivado\banco_de_registros\banco_de_registros.srcs\sim_1\new\bancoderegistros_scoreboard.sv:]
ERROR: [Common 17-180] Spawn failed: No error
WARNING: [filemgmt 56-199] Attempt to get parsing info during refresh. "On-the-fly" syntax checking information may be incorrect. [C:\Vivado\banco_de_registros\banco_de_registros.srcs\sim_1\new\bancoderegistros_coverage.sv:]
WARNING: [filemgmt 56-199] Attempt to get parsing info during refresh. "On-the-fly" syntax checking information may be incorrect. [C:\Vivado\banco_de_registros\banco_de_registros.srcs\sim_1\imports\new\bancoderegistros1_tb.sv:]
WARNING: [filemgmt 56-199] Attempt to get parsing info during refresh. "On-the-fly" syntax checking information may be incorrect. [C:\Vivado\banco_de_registros\banco_de_registros.srcs\sim_1\new\bancoderegistros_scoreboard.sv:]
WARNING: [filemgmt 56-199] Attempt to get parsing info during refresh. "On-the-fly" syntax checking information may be incorrect. [C:\Vivado\banco_de_registros\banco_de_registros.srcs\sources_1\new\bancoderegistros.v:]
WARNING: [filemgmt 56-199] Attempt to get parsing info during refresh. "On-the-fly" syntax checking information may be incorrect. [C:\Vivado\banco_de_registros\banco_de_registros.srcs\sim_1\imports\new\bancoderegistros1_tb.sv:]
WARNING: [filemgmt 56-199] Attempt to get parsing info during refresh. "On-the-fly" syntax checking information may be incorrect. [C:\Vivado\banco_de_registros\banco_de_registros.srcs\sim_1\imports\new\bancoderegistros1_tb.sv:]
ERROR: [Common 17-180] Spawn failed: No error
launch_simulation
Command: launch_simulation 
INFO: [Vivado 12-12493] Simulation top is 'bancoderegistros_tb'
WARNING: [Vivado 12-13340] Unable to auto find GCC executables from simulator install path! (path not set)
INFO: [Vivado 12-5682] Launching behavioral simulation in 'C:/Vivado/banco_de_registros/banco_de_registros.sim/sim_1/behav/xsim'
INFO: [SIM-utils-51] Simulation object is 'sim_1'
INFO: [SIM-utils-72] Using boost library from 'C:/Xilinx/Vivado/2024.2/tps/boost_1_72_0'
INFO: [SIM-utils-54] Inspecting design source files for 'bancoderegistros_tb' in fileset 'sim_1'...
INFO: [USF-XSim-97] Finding global include files...
INFO: [USF-XSim-98] Fetching design files from 'sim_1'...
INFO: [USF-XSim-2] XSim::Compile design
INFO: [USF-XSim-61] Executing 'COMPILE and ANALYZE' step in 'C:/Vivado/banco_de_registros/banco_de_registros.sim/sim_1/behav/xsim'
"xvlog --incr --relax -L uvm -prj bancoderegistros_tb_vlog.prj"
INFO: [VRFC 10-2263] Analyzing Verilog file "C:/Vivado/banco_de_registros/banco_de_registros.srcs/sources_1/new/bancoderegistros.v" into library xil_defaultlib
INFO: [VRFC 10-311] analyzing module bancoderegistros
INFO: [VRFC 10-2263] Analyzing Verilog file "C:/Vivado/banco_de_registros/banco_de_registros.srcs/sources_1/new/decodificadorwr.v" into library xil_defaultlib
INFO: [VRFC 10-311] analyzing module decodificadorwr
INFO: [VRFC 10-2263] Analyzing Verilog file "C:/Vivado/banco_de_registros/banco_de_registros.srcs/sources_1/new/multiplexor16x16.v" into library xil_defaultlib
INFO: [VRFC 10-311] analyzing module multiplexor16x16
INFO: [VRFC 10-2263] Analyzing Verilog file "C:/Vivado/banco_de_registros/banco_de_registros.srcs/sources_1/new/registro16bits.v" into library xil_defaultlib
INFO: [VRFC 10-311] analyzing module registro16bits
INFO: [VRFC 10-2263] Analyzing Verilog file "C:/Vivado/banco_de_registros/banco_de_registros.srcs/sources_1/new/registro8bits.v" into library xil_defaultlib
INFO: [VRFC 10-311] analyzing module registro8bits
INFO: [VRFC 10-2263] Analyzing Verilog file "C:/Vivado/banco_de_registros/banco_de_registros.srcs/sources_1/new/registros.v" into library xil_defaultlib
INFO: [VRFC 10-311] analyzing module registros
INFO: [VRFC 10-2263] Analyzing Verilog file "C:/Vivado/banco_de_registros/banco_de_registros.srcs/sources_1/new/triestado.v" into library xil_defaultlib
INFO: [VRFC 10-311] analyzing module triestado
INFO: [VRFC 10-2263] Analyzing SystemVerilog file "C:/Vivado/banco_de_registros/banco_de_registros.srcs/sim_1/new/bancoderegistros_coverage.sv" into library xil_defaultlib
INFO: [VRFC 10-311] analyzing module bancoderegistros_coverage
INFO: [VRFC 10-2263] Analyzing SystemVerilog file "C:/Vivado/banco_de_registros/banco_de_registros.srcs/sim_1/new/bancoderegistros_scoreboard.sv" into library xil_defaultlib
INFO: [VRFC 10-311] analyzing module bancoderegistros_scoreboard
INFO: [VRFC 10-2263] Analyzing SystemVerilog file "C:/Vivado/banco_de_registros/banco_de_registros.srcs/sim_1/imports/new/bancoderegistros1_tb.sv" into library xil_defaultlib
ERROR: [VRFC 10-3195] cannot open include file 'bancoderegistros_scoreboard.sv' [C:/Vivado/banco_de_registros/banco_de_registros.srcs/sim_1/imports/new/bancoderegistros1_tb.sv:3]
ERROR: [VRFC 10-3195] cannot open include file 'bancoderegistros_coverage.sv' [C:/Vivado/banco_de_registros/banco_de_registros.srcs/sim_1/imports/new/bancoderegistros1_tb.sv:4]
INFO: [VRFC 10-311] analyzing module bancoderegistros_tb
ERROR: [VRFC 10-8530] module 'bancoderegistros_tb' is ignored due to previous errors [C:/Vivado/banco_de_registros/banco_de_registros.srcs/sim_1/imports/new/bancoderegistros1_tb.sv:6]
run_program: Time (s): cpu = 00:00:01 ; elapsed = 00:00:06 . Memory (MB): peak = 1132.973 ; gain = 0.000
INFO: [USF-XSim-69] 'compile' step finished in '5' seconds
INFO: [USF-XSim-99] Step results log file:'C:/Vivado/banco_de_registros/banco_de_registros.sim/sim_1/behav/xsim/xvlog.log'
ERROR: [USF-XSim-62] 'compile' step failed with error(s). Please check the Tcl console output or 'C:/Vivado/banco_de_registros/banco_de_registros.sim/sim_1/behav/xsim/xvlog.log' file for more information.
ERROR: [Vivado 12-4473] Detected error while running simulation. Please correct the issue and retry this operation.
launch_simulation: Time (s): cpu = 00:00:02 ; elapsed = 00:00:07 . Memory (MB): peak = 1132.973 ; gain = 0.000
ERROR: [Common 17-39] 'launch_simulation' failed due to earlier errors.
exit
INFO: [Common 17-206] Exiting Vivado at Wed Apr  9 20:52:12 2025...
