
*** Running vivado
    with args -log BancodeRegistrosSegmento.vds -m64 -product Vivado -mode batch -messageDb vivado.pb -notrace -source BancodeRegistrosSegmento.tcl


****** Vivado v2024.2.2 (64-bit)
  **** SW Build 6060944 on Thu Mar 06 19:10:09 MST 2025
  **** IP Build 6050500 on Thu Mar  6 23:33:39 MST 2025
  **** SharedData Build 6060542 on Thu Mar 06 10:31:07 MST 2025
  **** Start of session at: Mon May 19 10:24:08 2025
    ** Copyright 1986-2022 Xilinx, Inc. All Rights Reserved.
    ** Copyright 2022-2025 Advanced Micro Devices, Inc. All Rights Reserved.

source BancodeRegistrosSegmento.tcl -notrace
Command: synth_design -top BancodeRegistrosSegmento -part xc7a200tfbg676-2
Starting synth_design
Attempting to get a license for feature 'Synthesis' and/or device 'xc7a200t'
INFO: [Common 17-349] Got license for feature 'Synthesis' and/or device 'xc7a200t'
INFO: [Synth 8-7079] Multithreading enabled for synth_design using a maximum of 7 processes.
INFO: [Synth 8-7078] Launching helper process for spawning children vivado processes
INFO: [Synth 8-7075] Helper process launched with PID 11811
---------------------------------------------------------------------------------
Starting Synthesize : Time (s): cpu = 00:00:05 ; elapsed = 00:00:06 . Memory (MB): peak = 1899.352 ; gain = 311.855 ; free physical = 167 ; free virtual = 9211
---------------------------------------------------------------------------------
INFO: [Synth 8-6157] synthesizing module 'BancodeRegistrosSegmento' [/home/alfaquillo/Documentos/Vivado/Interfaz_de_memoria/Interfaz_de_memoria.srcs/sources_1/new/BancodeRegistrosSegmento.v:23]
INFO: [Synth 8-6157] synthesizing module 'RegistroCS' [/home/alfaquillo/Documentos/Vivado/Interfaz_de_memoria/Interfaz_de_memoria.srcs/sources_1/new/RegistroCS.v:24]
INFO: [Synth 8-6157] synthesizing module 'Registro16bitsEna' [/home/alfaquillo/Documentos/Vivado/Interfaz_de_memoria/Interfaz_de_memoria.srcs/sources_1/new/Registro16bitsEna.v:22]
	Parameter RESET_VALUE bound to: 16'b1111000000000000 
INFO: [Synth 8-6155] done synthesizing module 'Registro16bitsEna' (0#1) [/home/alfaquillo/Documentos/Vivado/Interfaz_de_memoria/Interfaz_de_memoria.srcs/sources_1/new/Registro16bitsEna.v:22]
INFO: [Synth 8-6155] done synthesizing module 'RegistroCS' (0#1) [/home/alfaquillo/Documentos/Vivado/Interfaz_de_memoria/Interfaz_de_memoria.srcs/sources_1/new/RegistroCS.v:24]
INFO: [Synth 8-6157] synthesizing module 'RegistroDS' [/home/alfaquillo/Documentos/Vivado/Interfaz_de_memoria/Interfaz_de_memoria.srcs/sources_1/new/RegistroDS.v:22]
INFO: [Synth 8-6157] synthesizing module 'Registro16bitsEna__parameterized0' [/home/alfaquillo/Documentos/Vivado/Interfaz_de_memoria/Interfaz_de_memoria.srcs/sources_1/new/Registro16bitsEna.v:22]
	Parameter RESET_VALUE bound to: 16'b0000000000000000 
INFO: [Synth 8-6155] done synthesizing module 'Registro16bitsEna__parameterized0' (0#1) [/home/alfaquillo/Documentos/Vivado/Interfaz_de_memoria/Interfaz_de_memoria.srcs/sources_1/new/Registro16bitsEna.v:22]
INFO: [Synth 8-6155] done synthesizing module 'RegistroDS' (0#1) [/home/alfaquillo/Documentos/Vivado/Interfaz_de_memoria/Interfaz_de_memoria.srcs/sources_1/new/RegistroDS.v:22]
INFO: [Synth 8-6157] synthesizing module 'RegistroES' [/home/alfaquillo/Documentos/Vivado/Interfaz_de_memoria/Interfaz_de_memoria.srcs/sources_1/new/RegistroES.v:23]
INFO: [Synth 8-6155] done synthesizing module 'RegistroES' (0#1) [/home/alfaquillo/Documentos/Vivado/Interfaz_de_memoria/Interfaz_de_memoria.srcs/sources_1/new/RegistroES.v:23]
INFO: [Synth 8-6157] synthesizing module 'RegistroSS' [/home/alfaquillo/Documentos/Vivado/Interfaz_de_memoria/Interfaz_de_memoria.srcs/sources_1/new/RegistroSS.v:22]
INFO: [Synth 8-6155] done synthesizing module 'RegistroSS' (0#1) [/home/alfaquillo/Documentos/Vivado/Interfaz_de_memoria/Interfaz_de_memoria.srcs/sources_1/new/RegistroSS.v:22]
INFO: [Synth 8-6155] done synthesizing module 'BancodeRegistrosSegmento' (0#1) [/home/alfaquillo/Documentos/Vivado/Interfaz_de_memoria/Interfaz_de_memoria.srcs/sources_1/new/BancodeRegistrosSegmento.v:23]
---------------------------------------------------------------------------------
Finished Synthesize : Time (s): cpu = 00:00:07 ; elapsed = 00:00:07 . Memory (MB): peak = 1969.289 ; gain = 381.793 ; free physical = 139 ; free virtual = 9188
---------------------------------------------------------------------------------
---------------------------------------------------------------------------------
Finished Constraint Validation : Time (s): cpu = 00:00:08 ; elapsed = 00:00:08 . Memory (MB): peak = 1987.102 ; gain = 399.605 ; free physical = 142 ; free virtual = 9189
---------------------------------------------------------------------------------
---------------------------------------------------------------------------------
Start Loading Part and Timing Information
---------------------------------------------------------------------------------
Loading part: xc7a200tfbg676-2
INFO: [Device 21-403] Loading part xc7a200tfbg676-2
---------------------------------------------------------------------------------
Finished Loading Part and Timing Information : Time (s): cpu = 00:00:08 ; elapsed = 00:00:08 . Memory (MB): peak = 1995.105 ; gain = 407.609 ; free physical = 140 ; free virtual = 9187
---------------------------------------------------------------------------------
---------------------------------------------------------------------------------
Finished RTL Optimization Phase 2 : Time (s): cpu = 00:00:08 ; elapsed = 00:00:08 . Memory (MB): peak = 2004.012 ; gain = 416.516 ; free physical = 154 ; free virtual = 9185
---------------------------------------------------------------------------------
No constraint files found.
---------------------------------------------------------------------------------
Start RTL Component Statistics 
---------------------------------------------------------------------------------
Detailed RTL Component Info : 
+---Registers : 
	               16 Bit    Registers := 4     
---------------------------------------------------------------------------------
Finished RTL Component Statistics 
---------------------------------------------------------------------------------
---------------------------------------------------------------------------------
Start Part Resource Summary
---------------------------------------------------------------------------------
Part Resources:
DSPs: 740 (col length:100)
BRAMs: 730 (col length: RAMB18 100 RAMB36 50)
---------------------------------------------------------------------------------
Finished Part Resource Summary
---------------------------------------------------------------------------------
No constraint files found.
---------------------------------------------------------------------------------
Start Cross Boundary and Area Optimization
---------------------------------------------------------------------------------
WARNING: [Synth 8-7080] Parallel synthesis criteria is not met
---------------------------------------------------------------------------------
Finished Cross Boundary and Area Optimization : Time (s): cpu = 00:00:12 ; elapsed = 00:00:13 . Memory (MB): peak = 2105.855 ; gain = 518.359 ; free physical = 136 ; free virtual = 9098
---------------------------------------------------------------------------------
No constraint files found.
---------------------------------------------------------------------------------
Start Timing Optimization
---------------------------------------------------------------------------------
---------------------------------------------------------------------------------
Finished Timing Optimization : Time (s): cpu = 00:00:12 ; elapsed = 00:00:13 . Memory (MB): peak = 2129.668 ; gain = 542.172 ; free physical = 177 ; free virtual = 9094
---------------------------------------------------------------------------------
---------------------------------------------------------------------------------
Start Technology Mapping
---------------------------------------------------------------------------------
---------------------------------------------------------------------------------
Finished Technology Mapping : Time (s): cpu = 00:00:12 ; elapsed = 00:00:13 . Memory (MB): peak = 2129.668 ; gain = 542.172 ; free physical = 169 ; free virtual = 9087
---------------------------------------------------------------------------------
---------------------------------------------------------------------------------
Start IO Insertion
---------------------------------------------------------------------------------
---------------------------------------------------------------------------------
Start Flattening Before IO Insertion
---------------------------------------------------------------------------------
---------------------------------------------------------------------------------
Finished Flattening Before IO Insertion
---------------------------------------------------------------------------------
---------------------------------------------------------------------------------
Start Final Netlist Cleanup
---------------------------------------------------------------------------------
---------------------------------------------------------------------------------
Finished Final Netlist Cleanup
---------------------------------------------------------------------------------
---------------------------------------------------------------------------------
Finished IO Insertion : Time (s): cpu = 00:00:16 ; elapsed = 00:00:17 . Memory (MB): peak = 2282.480 ; gain = 694.984 ; free physical = 165 ; free virtual = 8949
---------------------------------------------------------------------------------
---------------------------------------------------------------------------------
Start Renaming Generated Instances
---------------------------------------------------------------------------------
---------------------------------------------------------------------------------
Finished Renaming Generated Instances : Time (s): cpu = 00:00:16 ; elapsed = 00:00:17 . Memory (MB): peak = 2282.480 ; gain = 694.984 ; free physical = 165 ; free virtual = 8949
---------------------------------------------------------------------------------
---------------------------------------------------------------------------------
Start Rebuilding User Hierarchy
---------------------------------------------------------------------------------
---------------------------------------------------------------------------------
Finished Rebuilding User Hierarchy : Time (s): cpu = 00:00:16 ; elapsed = 00:00:17 . Memory (MB): peak = 2282.480 ; gain = 694.984 ; free physical = 164 ; free virtual = 8949
---------------------------------------------------------------------------------
---------------------------------------------------------------------------------
Start Renaming Generated Ports
---------------------------------------------------------------------------------
---------------------------------------------------------------------------------
Finished Renaming Generated Ports : Time (s): cpu = 00:00:16 ; elapsed = 00:00:17 . Memory (MB): peak = 2282.480 ; gain = 694.984 ; free physical = 164 ; free virtual = 8949
---------------------------------------------------------------------------------
---------------------------------------------------------------------------------
Start Handling Custom Attributes
---------------------------------------------------------------------------------
---------------------------------------------------------------------------------
Finished Handling Custom Attributes : Time (s): cpu = 00:00:16 ; elapsed = 00:00:17 . Memory (MB): peak = 2282.480 ; gain = 694.984 ; free physical = 164 ; free virtual = 8949
---------------------------------------------------------------------------------
---------------------------------------------------------------------------------
Start Renaming Generated Nets
---------------------------------------------------------------------------------
---------------------------------------------------------------------------------
Finished Renaming Generated Nets : Time (s): cpu = 00:00:16 ; elapsed = 00:00:17 . Memory (MB): peak = 2282.480 ; gain = 694.984 ; free physical = 164 ; free virtual = 8949
---------------------------------------------------------------------------------
---------------------------------------------------------------------------------
Start Writing Synthesis Report
---------------------------------------------------------------------------------

Report BlackBoxes: 
+-+--------------+----------+
| |BlackBox name |Instances |
+-+--------------+----------+
+-+--------------+----------+

Report Cell Usage: 
+------+-----+------+
|      |Cell |Count |
+------+-----+------+
|1     |BUFG |     1|
|2     |FDCE |    60|
|3     |FDPE |     4|
|4     |IBUF |    70|
|5     |OBUF |    64|
+------+-----+------+

Report Instance Areas: 
+------+----------------+------------------------------------+------+
|      |Instance        |Module                              |Cells |
+------+----------------+------------------------------------+------+
|1     |top             |                                    |   199|
|2     |  u_registro_cs |RegistroCS                          |    16|
|3     |    u_registro  |Registro16bitsEna                   |    16|
|4     |  u_registro_ds |RegistroDS                          |    16|
|5     |    u_registro  |Registro16bitsEna__parameterized0_1 |    16|
|6     |  u_registro_es |RegistroES                          |    16|
|7     |    u_registro  |Registro16bitsEna__parameterized0_0 |    16|
|8     |  u_registro_ss |RegistroSS                          |    16|
|9     |    u_registro  |Registro16bitsEna__parameterized0   |    16|
+------+----------------+------------------------------------+------+
---------------------------------------------------------------------------------
Finished Writing Synthesis Report : Time (s): cpu = 00:00:16 ; elapsed = 00:00:17 . Memory (MB): peak = 2282.480 ; gain = 694.984 ; free physical = 164 ; free virtual = 8949
---------------------------------------------------------------------------------
Synthesis finished with 0 errors, 0 critical warnings and 1 warnings.
Synthesis Optimization Runtime : Time (s): cpu = 00:00:16 ; elapsed = 00:00:17 . Memory (MB): peak = 2282.480 ; gain = 694.984 ; free physical = 164 ; free virtual = 8949
Synthesis Optimization Complete : Time (s): cpu = 00:00:16 ; elapsed = 00:00:17 . Memory (MB): peak = 2282.488 ; gain = 694.984 ; free physical = 164 ; free virtual = 8949
INFO: [Project 1-571] Translating synthesized netlist
Netlist sorting complete. Time (s): cpu = 00:00:00.01 ; elapsed = 00:00:00.01 . Memory (MB): peak = 2297.355 ; gain = 0.000 ; free physical = 265 ; free virtual = 9071
INFO: [Project 1-570] Preparing netlist for logic optimization
INFO: [Opt 31-138] Pushed 0 inverter(s) to 0 load pin(s).
Netlist sorting complete. Time (s): cpu = 00:00:00 ; elapsed = 00:00:00 . Memory (MB): peak = 2394.918 ; gain = 0.000 ; free physical = 136 ; free virtual = 8968
INFO: [Project 1-111] Unisim Transformation Summary:
No Unisim elements were transformed.

Synth Design complete | Checksum: 8f64a718
INFO: [Common 17-83] Releasing license: Synthesis
24 Infos, 1 Warnings, 0 Critical Warnings and 0 Errors encountered.
synth_design completed successfully
synth_design: Time (s): cpu = 00:00:25 ; elapsed = 00:00:22 . Memory (MB): peak = 2394.918 ; gain = 807.430 ; free physical = 135 ; free virtual = 8968
INFO: [Common 17-2834] synth_design peak Physical Memory [PSS] (MB): overall = 1453.080; main = 1453.080; forked = 269.640
INFO: [Common 17-2834] synth_design peak Virtual Memory [VSS] (MB): overall = 3580.465; main = 2394.922; forked = 1567.543
Write ShapeDB Complete: Time (s): cpu = 00:00:00.01 ; elapsed = 00:00:00 . Memory (MB): peak = 2418.930 ; gain = 0.000 ; free physical = 135 ; free virtual = 8968
INFO: [Common 17-1381] The checkpoint '/home/alfaquillo/Documentos/Vivado/Interfaz_de_memoria/Interfaz_de_memoria.runs/synth_1/BancodeRegistrosSegmento.dcp' has been generated.
INFO: [Vivado 12-24828] Executing command : report_utilization -file BancodeRegistrosSegmento_utilization_synth.rpt -pb BancodeRegistrosSegmento_utilization_synth.pb
INFO: [Common 17-206] Exiting Vivado at Mon May 19 10:24:34 2025...
