Copyright 1986-2022 Xilinx, Inc. All Rights Reserved. Copyright 2022-2024 Advanced Micro Devices, Inc. All Rights Reserved.
----------------------------------------------------------------------------------------------------------------------------------------------------------------------
| Tool Version     : Vivado v.2024.2 (win64) Build 5239630 Fri Nov 08 22:35:27 MST 2024
| Date             : Wed Apr  9 15:01:49 2025
| Host             : Quillo-Thinkpad running 64-bit major release  (build 9200)
| Command          : report_power -file bancoderegistros_power_routed.rpt -pb bancoderegistros_power_summary_routed.pb -rpx bancoderegistros_power_routed.rpx
| Design           : bancoderegistros
| Device           : xc7a200tfbg676-2
| Design State     : routed
| Grade            : commercial
| Process          : typical
| Characterization : Production
----------------------------------------------------------------------------------------------------------------------------------------------------------------------

Power Report

Table of Contents
-----------------
1. Summary
1.1 On-Chip Components
1.2 Power Supply Summary
1.3 Confidence Level
2. Settings
2.1 Environment
2.2 Clock Constraints
3. Detailed Reports
3.1 By Hierarchy

1. Summary
----------

+--------------------------+--------------+
| Total On-Chip Power (W)  | 4.200        |
| Design Power Budget (W)  | Unspecified* |
| Power Budget Margin (W)  | NA           |
| Dynamic (W)              | 4.056        |
| Device Static (W)        | 0.144        |
| Effective TJA (C/W)      | 1.9          |
| Max Ambient (C)          | 77.1         |
| Junction Temperature (C) | 32.9         |
| Confidence Level         | Low          |
| Setting File             | ---          |
| Simulation Activity File | ---          |
| Design Nets Matched      | NA           |
+--------------------------+--------------+
* Specify Design Power Budget using, set_operating_conditions -design_power_budget <value in Watts>


1.1 On-Chip Components
----------------------

+----------------+-----------+----------+-----------+-----------------+
| On-Chip        | Power (W) | Used     | Available | Utilization (%) |
+----------------+-----------+----------+-----------+-----------------+
| Slice Logic    |     0.135 |      190 |       --- |             --- |
|   LUT as Logic |     0.128 |       61 |    133800 |            0.05 |
|   BUFG         |     0.006 |        1 |        32 |            3.13 |
|   Register     |     0.002 |      128 |    267600 |            0.05 |
| Signals        |     0.331 |      214 |       --- |             --- |
| I/O            |     3.590 |       24 |       400 |            6.00 |
| Static Power   |     0.144 |          |           |                 |
| Total          |     4.200 |          |           |                 |
+----------------+-----------+----------+-----------+-----------------+


1.2 Power Supply Summary
------------------------

+-----------+-------------+-----------+-------------+------------+-------------+-------------+------------+
| Source    | Voltage (V) | Total (A) | Dynamic (A) | Static (A) | Powerup (A) | Budget (A)  | Margin (A) |
+-----------+-------------+-----------+-------------+------------+-------------+-------------+------------+
| Vccint    |       1.000 |     0.594 |       0.553 |      0.041 |       NA    | Unspecified | NA         |
| Vccaux    |       1.800 |     0.318 |       0.287 |      0.032 |       NA    | Unspecified | NA         |
| Vcco33    |       3.300 |     0.000 |       0.000 |      0.000 |       NA    | Unspecified | NA         |
| Vcco25    |       2.500 |     0.000 |       0.000 |      0.000 |       NA    | Unspecified | NA         |
| Vcco18    |       1.800 |     1.664 |       1.659 |      0.005 |       NA    | Unspecified | NA         |
| Vcco15    |       1.500 |     0.000 |       0.000 |      0.000 |       NA    | Unspecified | NA         |
| Vcco135   |       1.350 |     0.000 |       0.000 |      0.000 |       NA    | Unspecified | NA         |
| Vcco12    |       1.200 |     0.000 |       0.000 |      0.000 |       NA    | Unspecified | NA         |
| Vccaux_io |       1.800 |     0.000 |       0.000 |      0.000 |       NA    | Unspecified | NA         |
| Vccbram   |       1.000 |     0.001 |       0.000 |      0.001 |       NA    | Unspecified | NA         |
| MGTAVcc   |       1.000 |     0.000 |       0.000 |      0.000 |       NA    | Unspecified | NA         |
| MGTAVtt   |       1.200 |     0.000 |       0.000 |      0.000 |       NA    | Unspecified | NA         |
| Vccadc    |       1.800 |     0.020 |       0.000 |      0.020 |       NA    | Unspecified | NA         |
+-----------+-------------+-----------+-------------+------------+-------------+-------------+------------+


1.3 Confidence Level
--------------------

+-----------------------------+------------+--------------------------------------------------------+--------------------------------------------------------------------------------------------------------------------+
| User Input Data             | Confidence | Details                                                | Action                                                                                                             |
+-----------------------------+------------+--------------------------------------------------------+--------------------------------------------------------------------------------------------------------------------+
| Design implementation state | High       | Design is routed                                       |                                                                                                                    |
| Clock nodes activity        | Low        | User specified less than 75% of clocks                 | Provide missing clock activity with a constraint file, simulation results or by editing the "By Clock Domain" view |
| I/O nodes activity          | Low        | More than 75% of inputs are missing user specification | Provide missing input activity with simulation results or by editing the "By Resource Type -> I/Os" view           |
| Internal nodes activity     | Medium     | User specified less than 25% of internal nodes         | Provide missing internal nodes activity with simulation results or by editing the "By Resource Type" views         |
| Device models               | High       | Device models are Production                           |                                                                                                                    |
|                             |            |                                                        |                                                                                                                    |
| Overall confidence level    | Low        |                                                        |                                                                                                                    |
+-----------------------------+------------+--------------------------------------------------------+--------------------------------------------------------------------------------------------------------------------+


2. Settings
-----------

2.1 Environment
---------------

+-----------------------+--------------------------+
| Ambient Temp (C)      | 25.0                     |
| ThetaJA (C/W)         | 1.9                      |
| Airflow (LFM)         | 250                      |
| Heat Sink             | medium (Medium Profile)  |
| ThetaSA (C/W)         | 3.4                      |
| Board Selection       | medium (10"x10")         |
| # of Board Layers     | 12to15 (12 to 15 Layers) |
| Board Temperature (C) | 25.0                     |
+-----------------------+--------------------------+


2.2 Clock Constraints
---------------------

+-------+--------+-----------------+
| Clock | Domain | Constraint (ns) |
+-------+--------+-----------------+


3. Detailed Reports
-------------------

3.1 By Hierarchy
----------------

+-----------------------+-----------+
| Name                  | Power (W) |
+-----------------------+-----------+
| bancoderegistros      |     4.056 |
|   DATA_IOBUF[0]_inst  |     0.237 |
|   DATA_IOBUF[10]_inst |     0.225 |
|   DATA_IOBUF[11]_inst |     0.223 |
|   DATA_IOBUF[12]_inst |     0.223 |
|   DATA_IOBUF[13]_inst |     0.224 |
|   DATA_IOBUF[14]_inst |     0.223 |
|   DATA_IOBUF[15]_inst |     0.223 |
|   DATA_IOBUF[1]_inst  |     0.236 |
|   DATA_IOBUF[2]_inst  |     0.237 |
|   DATA_IOBUF[3]_inst  |     0.237 |
|   DATA_IOBUF[4]_inst  |     0.237 |
|   DATA_IOBUF[5]_inst  |     0.238 |
|   DATA_IOBUF[6]_inst  |     0.238 |
|   DATA_IOBUF[7]_inst  |     0.238 |
|   DATA_IOBUF[8]_inst  |     0.224 |
|   DATA_IOBUF[9]_inst  |     0.223 |
|   regs                |     0.202 |
|     RAH               |     0.005 |
|     RAL               |     0.005 |
|     RBH               |     0.023 |
|     RBL               |     0.022 |
|     RBP               |     0.005 |
|     RCH               |     0.004 |
|     RCL               |     0.006 |
|     RDH               |     0.005 |
|     RDI               |     0.113 |
|     RDL               |     0.005 |
|     RSI               |     0.005 |
|     RSP               |     0.006 |
+-----------------------+-----------+


