Vivado Simulator v2024.2.2
Copyright 1986-2022 Xilinx, Inc. All Rights Reserved.
Copyright 2022-2024 Advanced Micro Devices, Inc. All Rights Reserved.
Running: /home/alfaquillo/tools/Xilinx/Vivado/2024.2/bin/unwrapped/lnx64.o/xelab --incr --debug typical --relax --mt 8 --maxdelay -L xil_defaultlib -L uvm -L simprims_ver -L secureip --snapshot fpu_top_tb_time_synth -transport_int_delays -pulse_r 0 -pulse_int_r 0 -pulse_e 0 -pulse_int_e 0 xil_defaultlib.fpu_top_tb xil_defaultlib.glbl -log elaborate.log 
Using 8 slave threads.
Starting static elaboration
Pass Through NonSizing Optimizer
Completed static elaboration
Starting simulation data flow analysis
Completed simulation data flow analysis
INFO: [XSIM 43-3451] SDF backannotation process started with SDF file "fpu_top_tb_time_synth.sdf", for root module "fpu_top_tb/fpu".
INFO: [XSIM 43-3452] SDF backannotation was successful for SDF file "fpu_top_tb_time_synth.sdf", for root module "fpu_top_tb/fpu".
Time Resolution for simulation is 1ps
Compiling module simprims_ver.IBUF
Compiling module simprims_ver.x_lut2_mux4
Compiling module simprims_ver.LUT2
Compiling module simprims_ver.LUT4
Compiling module simprims_ver.LUT5
Compiling module simprims_ver.LUT6
Compiling module simprims_ver.CARRY4
Compiling module xil_defaultlib.mantissa_adder
Compiling module simprims_ver.x_lut3_mux8
Compiling module simprims_ver.LUT3
Compiling module simprims_ver.x_lut1_mux2
Compiling module simprims_ver.LUT1
Compiling module simprims_ver.MUXF7
Compiling module xil_defaultlib.align_adder
Compiling module xil_defaultlib.normalizer
Compiling module xil_defaultlib.rounder
Compiling module xil_defaultlib.fpu_adder_top
Compiling module simprims_ver.OBUF
Compiling module xil_defaultlib.fpu_top
Compiling module xil_defaultlib.fpu_top_tb
Compiling module xil_defaultlib.glbl
Built simulation snapshot fpu_top_tb_time_synth
