Vivado Simulator v2024.2.0
Copyright 1986-2022 Xilinx, Inc. All Rights Reserved.
Copyright 2022-2024 Advanced Micro Devices, Inc. All Rights Reserved.
Running: C:/Xilinx/Vivado/2024.2/bin/unwrapped/win64.o/xelab.exe --incr --debug typical --relax --mt 2 -L xil_defaultlib -L uvm -L unisims_ver -L unimacro_ver -L secureip --snapshot tb_bancoderegistros_behav xil_defaultlib.tb_bancoderegistros xil_defaultlib.glbl -log elaborate.log 
Using 2 slave threads.
Starting static elaboration
Pass Through NonSizing Optimizer
Completed static elaboration
Starting simulation data flow analysis
Completed simulation data flow analysis
Time Resolution for simulation is 1ps
Compiling module xil_defaultlib.decodificadorwr
Compiling module xil_defaultlib.registro8bits
Compiling module xil_defaultlib.registro16bits
Compiling module xil_defaultlib.registros
Compiling module xil_defaultlib.multiplexor16x16
Compiling module xil_defaultlib.triestado
Compiling module xil_defaultlib.bancoderegistros
Compiling module xil_defaultlib.tb_bancoderegistros
Compiling module xil_defaultlib.glbl
Built simulation snapshot tb_bancoderegistros_behav
